{"/home/travis/build/npmtest/node-npmtest-prettier/test.js":{"path":"/home/travis/build/npmtest/node-npmtest-prettier/test.js","s":{"1":2,"2":2,"3":2,"4":2,"5":2,"6":2,"7":2,"8":1,"9":2,"10":2,"11":1,"12":1,"13":1,"14":1,"15":2,"16":2,"17":2,"18":2,"19":1,"20":1,"21":2,"22":2,"23":2,"24":1,"25":1,"26":1,"27":1,"28":1,"29":1,"30":1,"31":1,"32":1,"33":1,"34":1,"35":1,"36":1,"37":1,"38":1,"39":2,"40":2,"41":1,"42":2,"43":2,"44":1,"45":2,"46":2,"47":1,"48":2,"49":2,"50":1,"51":1,"52":1,"53":1,"54":1},"b":{"1":[2,1,1,1],"2":[1,1,1,1],"3":[1,1],"4":[1,1],"5":[1,1],"6":[1,1],"7":[1,1],"8":[1,1],"9":[1,1],"10":[1,1,1],"11":[1,1],"12":[1,1],"13":[1,1],"14":[1,1],"15":[1,1],"16":[1,1],"17":[1,1]},"f":{"1":2,"2":2,"3":2,"4":2,"5":2,"6":1,"7":1,"8":1,"9":2,"10":2,"11":2,"12":2,"13":1},"fnMap":{"1":{"name":"(anonymous_1)","line":12,"loc":{"start":{"line":12,"column":1},"end":{"line":12,"column":13}}},"2":{"name":"(anonymous_2)","line":19,"loc":{"start":{"line":19,"column":5},"end":{"line":19,"column":17}}},"3":{"name":"(anonymous_3)","line":23,"loc":{"start":{"line":23,"column":24},"end":{"line":23,"column":36}}},"4":{"name":"(anonymous_4)","line":61,"loc":{"start":{"line":61,"column":5},"end":{"line":61,"column":17}}},"5":{"name":"(anonymous_5)","line":82,"loc":{"start":{"line":82,"column":5},"end":{"line":82,"column":17}}},"6":{"name":"(anonymous_6)","line":91,"loc":{"start":{"line":91,"column":77},"end":{"line":94,"column":10}}},"7":{"name":"(anonymous_7)","line":112,"loc":{"start":{"line":112,"column":83},"end":{"line":115,"column":10}},"skip":true},"8":{"name":"(anonymous_8)","line":123,"loc":{"start":{"line":123,"column":77},"end":{"line":126,"column":10}},"skip":true},"9":{"name":"(anonymous_9)","line":139,"loc":{"start":{"line":139,"column":12},"end":{"line":139,"column":40}},"skip":true},"10":{"name":"(anonymous_10)","line":147,"loc":{"start":{"line":147,"column":77},"end":{"line":150,"column":10}},"skip":true},"11":{"name":"(anonymous_11)","line":158,"loc":{"start":{"line":158,"column":83},"end":{"line":161,"column":10}},"skip":true},"12":{"name":"(anonymous_12)","line":169,"loc":{"start":{"line":169,"column":79},"end":{"line":172,"column":10}},"skip":true},"13":{"name":"(anonymous_13)","line":180,"loc":{"start":{"line":180,"column":75},"end":{"line":183,"column":10}},"skip":true}},"statementMap":{"1":{"start":{"line":12,"column":0},"end":{"line":195,"column":5}},"2":{"start":{"line":14,"column":4},"end":{"line":14,"column":14}},"3":{"start":{"line":19,"column":4},"end":{"line":56,"column":9}},"4":{"start":{"line":21,"column":8},"end":{"line":21,"column":19}},"5":{"start":{"line":23,"column":8},"end":{"line":35,"column":13}},"6":{"start":{"line":24,"column":12},"end":{"line":34,"column":13}},"7":{"start":{"line":25,"column":16},"end":{"line":28,"column":30}},"8":{"start":{"line":30,"column":16},"end":{"line":33,"column":27}},"9":{"start":{"line":37,"column":8},"end":{"line":39,"column":21}},"10":{"start":{"line":40,"column":8},"end":{"line":53,"column":9}},"11":{"start":{"line":43,"column":12},"end":{"line":46,"column":14}},"12":{"start":{"line":47,"column":12},"end":{"line":47,"column":18}},"13":{"start":{"line":50,"column":12},"end":{"line":51,"column":46}},"14":{"start":{"line":52,"column":12},"end":{"line":52,"column":18}},"15":{"start":{"line":55,"column":8},"end":{"line":55,"column":35}},"16":{"start":{"line":61,"column":4},"end":{"line":63,"column":9}},"17":{"start":{"line":62,"column":8},"end":{"line":62,"column":15}},"18":{"start":{"line":64,"column":4},"end":{"line":77,"column":5}},"19":{"start":{"line":70,"column":8},"end":{"line":70,"column":14}},"20":{"start":{"line":76,"column":8},"end":{"line":76,"column":14}},"21":{"start":{"line":82,"column":4},"end":{"line":84,"column":9}},"22":{"start":{"line":83,"column":8},"end":{"line":83,"column":15}},"23":{"start":{"line":85,"column":4},"end":{"line":194,"column":5}},"24":{"start":{"line":91,"column":8},"end":{"line":99,"column":10}},"25":{"start":{"line":98,"column":12},"end":{"line":98,"column":35}},"26":{"start":{"line":102,"column":8},"end":{"line":104,"column":63}},"27":{"start":{"line":105,"column":8},"end":{"line":105,"column":14}},"28":{"start":{"line":112,"column":8},"end":{"line":121,"column":10},"skip":true},"29":{"start":{"line":119,"column":12},"end":{"line":119,"column":55},"skip":true},"30":{"start":{"line":120,"column":12},"end":{"line":120,"column":48},"skip":true},"31":{"start":{"line":123,"column":8},"end":{"line":136,"column":10},"skip":true},"32":{"start":{"line":130,"column":12},"end":{"line":130,"column":76},"skip":true},"33":{"start":{"line":131,"column":12},"end":{"line":131,"column":73},"skip":true},"34":{"start":{"line":132,"column":12},"end":{"line":132,"column":74},"skip":true},"35":{"start":{"line":133,"column":12},"end":{"line":133,"column":79},"skip":true},"36":{"start":{"line":134,"column":12},"end":{"line":134,"column":25},"skip":true},"37":{"start":{"line":135,"column":12},"end":{"line":135,"column":45},"skip":true},"38":{"start":{"line":138,"column":8},"end":{"line":145,"column":14},"skip":true},"39":{"start":{"line":143,"column":16},"end":{"line":143,"column":29},"skip":true},"40":{"start":{"line":144,"column":16},"end":{"line":144,"column":55},"skip":true},"41":{"start":{"line":147,"column":8},"end":{"line":156,"column":10},"skip":true},"42":{"start":{"line":154,"column":12},"end":{"line":154,"column":25},"skip":true},"43":{"start":{"line":155,"column":12},"end":{"line":155,"column":45},"skip":true},"44":{"start":{"line":158,"column":8},"end":{"line":167,"column":10},"skip":true},"45":{"start":{"line":165,"column":12},"end":{"line":165,"column":25},"skip":true},"46":{"start":{"line":166,"column":12},"end":{"line":166,"column":48},"skip":true},"47":{"start":{"line":169,"column":8},"end":{"line":178,"column":10},"skip":true},"48":{"start":{"line":176,"column":12},"end":{"line":176,"column":25},"skip":true},"49":{"start":{"line":177,"column":12},"end":{"line":177,"column":46},"skip":true},"50":{"start":{"line":180,"column":8},"end":{"line":189,"column":10},"skip":true},"51":{"start":{"line":187,"column":12},"end":{"line":187,"column":94},"skip":true},"52":{"start":{"line":188,"column":12},"end":{"line":188,"column":48},"skip":true},"53":{"start":{"line":192,"column":8},"end":{"line":192,"column":35},"skip":true},"54":{"start":{"line":193,"column":8},"end":{"line":193,"column":14},"skip":true}},"branchMap":{"1":{"line":25,"type":"binary-expr","locations":[{"start":{"line":25,"column":23},"end":{"line":25,"column":62}},{"start":{"line":26,"column":20},"end":{"line":26,"column":70}},{"start":{"line":27,"column":20},"end":{"line":27,"column":71}},{"start":{"line":28,"column":20},"end":{"line":28,"column":29}}]},"2":{"line":30,"type":"binary-expr","locations":[{"start":{"line":30,"column":23},"end":{"line":30,"column":37}},{"start":{"line":31,"column":20},"end":{"line":31,"column":61}},{"start":{"line":32,"column":20},"end":{"line":32,"column":70}},{"start":{"line":33,"column":20},"end":{"line":33,"column":26}}]},"3":{"line":37,"type":"cond-expr","locations":[{"start":{"line":38,"column":14},"end":{"line":38,"column":20}},{"start":{"line":39,"column":14},"end":{"line":39,"column":20}}]},"4":{"line":40,"type":"switch","locations":[{"start":{"line":42,"column":8},"end":{"line":47,"column":18}},{"start":{"line":49,"column":8},"end":{"line":52,"column":18}}]},"5":{"line":44,"type":"binary-expr","locations":[{"start":{"line":44,"column":16},"end":{"line":44,"column":44}},{"start":{"line":44,"column":48},"end":{"line":44,"column":66}}]},"6":{"line":50,"type":"binary-expr","locations":[{"start":{"line":50,"column":21},"end":{"line":50,"column":49}},{"start":{"line":50,"column":53},"end":{"line":50,"column":72}}]},"7":{"line":64,"type":"switch","locations":[{"start":{"line":69,"column":4},"end":{"line":70,"column":14}},{"start":{"line":75,"column":4},"end":{"line":76,"column":14}}]},"8":{"line":85,"type":"switch","locations":[{"start":{"line":90,"column":4},"end":{"line":105,"column":14}},{"start":{"line":111,"column":4},"end":{"line":193,"column":14},"skip":true}]},"9":{"line":91,"type":"binary-expr","locations":[{"start":{"line":91,"column":42},"end":{"line":91,"column":73}},{"start":{"line":91,"column":77},"end":{"line":99,"column":9}}]},"10":{"line":102,"type":"binary-expr","locations":[{"start":{"line":102,"column":18},"end":{"line":102,"column":32}},{"start":{"line":103,"column":12},"end":{"line":103,"column":53}},{"start":{"line":104,"column":12},"end":{"line":104,"column":61}}]},"11":{"line":112,"type":"binary-expr","locations":[{"start":{"line":112,"column":45},"end":{"line":112,"column":79},"skip":true},{"start":{"line":112,"column":83},"end":{"line":121,"column":9},"skip":true}]},"12":{"line":123,"type":"binary-expr","locations":[{"start":{"line":123,"column":42},"end":{"line":123,"column":73},"skip":true},{"start":{"line":123,"column":77},"end":{"line":136,"column":9},"skip":true}]},"13":{"line":138,"type":"binary-expr","locations":[{"start":{"line":138,"column":48},"end":{"line":138,"column":85},"skip":true},{"start":{"line":139,"column":12},"end":{"line":145,"column":13},"skip":true}]},"14":{"line":147,"type":"binary-expr","locations":[{"start":{"line":147,"column":42},"end":{"line":147,"column":73},"skip":true},{"start":{"line":147,"column":77},"end":{"line":156,"column":9},"skip":true}]},"15":{"line":158,"type":"binary-expr","locations":[{"start":{"line":158,"column":45},"end":{"line":158,"column":79},"skip":true},{"start":{"line":158,"column":83},"end":{"line":167,"column":9},"skip":true}]},"16":{"line":169,"type":"binary-expr","locations":[{"start":{"line":169,"column":43},"end":{"line":169,"column":75},"skip":true},{"start":{"line":169,"column":79},"end":{"line":178,"column":9},"skip":true}]},"17":{"line":180,"type":"binary-expr","locations":[{"start":{"line":180,"column":41},"end":{"line":180,"column":71},"skip":true},{"start":{"line":180,"column":75},"end":{"line":189,"column":9},"skip":true}]}},"code":["/* istanbul instrument in package npmtest_prettier */","/*jslint","    bitwise: true,","    browser: true,","    maxerr: 8,","    maxlen: 96,","    node: true,","    nomen: true,","    regexp: true,","    stupid: true","*/","(function () {","    'use strict';","    var local;","","","","    // run shared js-env code - pre-init","    (function () {","        // init local","        local = {};","        // init modeJs","        local.modeJs = (function () {","            try {","                return typeof navigator.userAgent === 'string' &&","                    typeof document.querySelector('body') === 'object' &&","                    typeof XMLHttpRequest.prototype.open === 'function' &&","                    'browser';","            } catch (errorCaughtBrowser) {","                return module.exports &&","                    typeof process.versions.node === 'string' &&","                    typeof require('http').createServer === 'function' &&","                    'node';","            }","        }());","        // init global","        local.global = local.modeJs === 'browser'","            ? window","            : global;","        switch (local.modeJs) {","        // re-init local from window.local","        case 'browser':","            local = local.global.utility2.objectSetDefault(","                local.global.utility2_rollup || local.global.local,","                local.global.utility2","            );","            break;","        // re-init local from example.js","        case 'node':","            local = (local.global.utility2_rollup || require('utility2'))","                .requireExampleJsFromReadme();","            break;","        }","        // export local","        local.global.local = local;","    }());","","","","    // run shared js-env code - function","    (function () {","        return;","    }());","    switch (local.modeJs) {","","","","    // run browser js-env code - function","    case 'browser':","        break;","","","","    // run node js-env code - function","    case 'node':","        break;","    }","","","","    // run shared js-env code - post-init","    (function () {","        return;","    }());","    switch (local.modeJs) {","","","","    // run browser js-env code - post-init","    case 'browser':","        local.testCase_browser_nullCase = local.testCase_browser_nullCase || function (","            options,","            onError","        ) {","        /*","         * this function will test browsers's null-case handling-behavior-behavior","         */","            onError(null, options);","        };","","        // run tests","        local.nop(local.modeTest &&","            document.querySelector('#testRunButton1') &&","            document.querySelector('#testRunButton1').click());","        break;","","","","    // run node js-env code - post-init","    /* istanbul ignore next */","    case 'node':","        local.testCase_buildApidoc_default = local.testCase_buildApidoc_default || function (","            options,","            onError","        ) {","        /*","         * this function will test buildApidoc's default handling-behavior-behavior","         */","            options = { modulePathList: module.paths };","            local.buildApidoc(options, onError);","        };","","        local.testCase_buildApp_default = local.testCase_buildApp_default || function (","            options,","            onError","        ) {","        /*","         * this function will test buildApp's default handling-behavior-behavior","         */","            local.testCase_buildReadme_default(options, local.onErrorThrow);","            local.testCase_buildLib_default(options, local.onErrorThrow);","            local.testCase_buildTest_default(options, local.onErrorThrow);","            local.testCase_buildCustomOrg_default(options, local.onErrorThrow);","            options = [];","            local.buildApp(options, onError);","        };","","        local.testCase_buildCustomOrg_default = local.testCase_buildCustomOrg_default ||","            function (options, onError) {","            /*","             * this function will test buildCustomOrg's default handling-behavior","             */","                options = {};","                local.buildCustomOrg(options, onError);","            };","","        local.testCase_buildLib_default = local.testCase_buildLib_default || function (","            options,","            onError","        ) {","        /*","         * this function will test buildLib's default handling-behavior","         */","            options = {};","            local.buildLib(options, onError);","        };","","        local.testCase_buildReadme_default = local.testCase_buildReadme_default || function (","            options,","            onError","        ) {","        /*","         * this function will test buildReadme's default handling-behavior-behavior","         */","            options = {};","            local.buildReadme(options, onError);","        };","","        local.testCase_buildTest_default = local.testCase_buildTest_default || function (","            options,","            onError","        ) {","        /*","         * this function will test buildTest's default handling-behavior","         */","            options = {};","            local.buildTest(options, onError);","        };","","        local.testCase_webpage_default = local.testCase_webpage_default || function (","            options,","            onError","        ) {","        /*","         * this function will test webpage's default handling-behavior","         */","            options = { modeCoverageMerge: true, url: local.serverLocalHost + '?modeTest=1' };","            local.browserTest(options, onError);","        };","","        // run test-server","        local.testRunServer(local);","        break;","    }","}());",""],"l":{"12":2,"14":2,"19":2,"21":2,"23":2,"24":2,"25":2,"30":1,"37":2,"40":2,"43":1,"47":1,"50":1,"52":1,"55":2,"61":2,"62":2,"64":2,"70":1,"76":1,"82":2,"83":2,"85":2,"91":1,"98":1,"102":1,"105":1,"112":1,"119":1,"120":1,"123":1,"130":1,"131":1,"132":1,"133":1,"134":1,"135":1,"138":1,"143":2,"144":2,"147":1,"154":2,"155":2,"158":1,"165":2,"166":2,"169":1,"176":2,"177":2,"180":1,"187":1,"188":1,"192":1,"193":1}},"/home/travis/build/npmtest/node-npmtest-prettier/lib.npmtest_prettier.js":{"path":"/home/travis/build/npmtest/node-npmtest-prettier/lib.npmtest_prettier.js","s":{"1":2,"2":2,"3":2,"4":2,"5":2,"6":2,"7":2,"8":1,"9":2,"10":2,"11":2,"12":2,"13":1,"14":1,"15":1,"16":1},"b":{"1":[2,1,1,1],"2":[1,1,1,1],"3":[1,1],"4":[2,2],"5":[1,1]},"f":{"1":2,"2":2,"3":2},"fnMap":{"1":{"name":"(anonymous_1)","line":12,"loc":{"start":{"line":12,"column":1},"end":{"line":12,"column":13}}},"2":{"name":"(anonymous_2)","line":19,"loc":{"start":{"line":19,"column":5},"end":{"line":19,"column":17}}},"3":{"name":"(anonymous_3)","line":23,"loc":{"start":{"line":23,"column":24},"end":{"line":23,"column":36}}}},"statementMap":{"1":{"start":{"line":12,"column":0},"end":{"line":53,"column":5}},"2":{"start":{"line":14,"column":4},"end":{"line":14,"column":14}},"3":{"start":{"line":19,"column":4},"end":{"line":52,"column":9}},"4":{"start":{"line":21,"column":8},"end":{"line":21,"column":19}},"5":{"start":{"line":23,"column":8},"end":{"line":35,"column":13}},"6":{"start":{"line":24,"column":12},"end":{"line":34,"column":13}},"7":{"start":{"line":25,"column":16},"end":{"line":28,"column":30}},"8":{"start":{"line":30,"column":16},"end":{"line":33,"column":27}},"9":{"start":{"line":37,"column":8},"end":{"line":39,"column":21}},"10":{"start":{"line":41,"column":8},"end":{"line":41,"column":54}},"11":{"start":{"line":43,"column":8},"end":{"line":43,"column":53}},"12":{"start":{"line":45,"column":8},"end":{"line":51,"column":9}},"13":{"start":{"line":46,"column":12},"end":{"line":46,"column":59}},"14":{"start":{"line":48,"column":12},"end":{"line":48,"column":35}},"15":{"start":{"line":49,"column":12},"end":{"line":49,"column":49}},"16":{"start":{"line":50,"column":12},"end":{"line":50,"column":43}}},"branchMap":{"1":{"line":25,"type":"binary-expr","locations":[{"start":{"line":25,"column":23},"end":{"line":25,"column":62}},{"start":{"line":26,"column":20},"end":{"line":26,"column":70}},{"start":{"line":27,"column":20},"end":{"line":27,"column":71}},{"start":{"line":28,"column":20},"end":{"line":28,"column":29}}]},"2":{"line":30,"type":"binary-expr","locations":[{"start":{"line":30,"column":23},"end":{"line":30,"column":37}},{"start":{"line":31,"column":20},"end":{"line":31,"column":61}},{"start":{"line":32,"column":20},"end":{"line":32,"column":70}},{"start":{"line":33,"column":20},"end":{"line":33,"column":26}}]},"3":{"line":37,"type":"cond-expr","locations":[{"start":{"line":38,"column":14},"end":{"line":38,"column":20}},{"start":{"line":39,"column":14},"end":{"line":39,"column":20}}]},"4":{"line":41,"type":"binary-expr","locations":[{"start":{"line":41,"column":16},"end":{"line":41,"column":44}},{"start":{"line":41,"column":48},"end":{"line":41,"column":53}}]},"5":{"line":45,"type":"if","locations":[{"start":{"line":45,"column":8},"end":{"line":45,"column":8}},{"start":{"line":45,"column":8},"end":{"line":45,"column":8}}]}},"code":["/* istanbul instrument in package npmtest_prettier */","/*jslint","    bitwise: true,","    browser: true,","    maxerr: 8,","    maxlen: 96,","    node: true,","    nomen: true,","    regexp: true,","    stupid: true","*/","(function () {","    'use strict';","    var local;","","","","    // run shared js-env code - pre-init","    (function () {","        // init local","        local = {};","        // init modeJs","        local.modeJs = (function () {","            try {","                return typeof navigator.userAgent === 'string' &&","                    typeof document.querySelector('body') === 'object' &&","                    typeof XMLHttpRequest.prototype.open === 'function' &&","                    'browser';","            } catch (errorCaughtBrowser) {","                return module.exports &&","                    typeof process.versions.node === 'string' &&","                    typeof require('http').createServer === 'function' &&","                    'node';","            }","        }());","        // init global","        local.global = local.modeJs === 'browser'","            ? window","            : global;","        // init utility2_rollup","        local = local.global.utility2_rollup || local;","        // init lib","        local.local = local.npmtest_prettier = local;","        // init exports","        if (local.modeJs === 'browser') {","            local.global.utility2_npmtest_prettier = local;","        } else {","            module.exports = local;","            module.exports.__dirname = __dirname;","            module.exports.module = module;","        }","    }());","}());",""],"l":{"12":2,"14":2,"19":2,"21":2,"23":2,"24":2,"25":2,"30":1,"37":2,"41":2,"43":2,"45":2,"46":1,"48":1,"49":1,"50":1}},"/home/travis/build/npmtest/node-npmtest-prettier/example.js":{"path":"/home/travis/build/npmtest/node-npmtest-prettier/example.js","s":{"1":2,"2":2,"3":2,"4":2,"5":2,"6":2,"7":2,"8":1,"9":2,"10":2,"11":2,"12":2,"13":1,"14":2,"15":2,"16":2,"17":2,"18":2,"19":0,"20":2,"21":1,"22":1,"23":1,"24":1,"25":1,"26":0,"27":0,"28":1,"29":1,"30":2,"31":0,"32":0,"33":0,"34":1,"35":2,"36":2,"37":3,"38":3,"39":3,"40":3,"41":0,"42":3,"43":3,"44":3,"45":1,"46":3,"47":1,"48":1,"49":1,"50":1,"51":1,"52":1,"53":1,"54":1,"55":1,"56":1,"57":0,"58":1,"59":6,"60":6,"61":1,"62":2,"63":0,"64":2,"65":1,"66":1,"67":0,"68":0,"69":0,"70":0,"71":0,"72":0,"73":0,"74":0,"75":0,"76":0,"77":0,"78":0,"79":0,"80":0,"81":0,"82":0,"83":0},"b":{"1":[2,1,1,1],"2":[1,1,1,1],"3":[1,1],"4":[2,2],"5":[1,1],"6":[1,1],"7":[2,0],"8":[2,1,1,1,1,1],"9":[0,2,0],"10":[1,1],"11":[2,1,1],"12":[1,0],"13":[0,2],"14":[2,0,0,0,0,0,0],"15":[0,3],"16":[3,0],"17":[1,1],"18":[0,1],"19":[1,2,0,2],"20":[1,0],"21":[1,1],"22":[0,0],"23":[0,0],"24":[0,0],"25":[0,0],"26":[0,0],"27":[0,0],"28":[0,0]},"f":{"1":2,"2":2,"3":2,"4":2,"5":2,"6":2,"7":3,"8":3,"9":3,"10":1,"11":6,"12":0},"fnMap":{"1":{"name":"(anonymous_1)","line":26,"loc":{"start":{"line":26,"column":1},"end":{"line":26,"column":13}}},"2":{"name":"(anonymous_2)","line":33,"loc":{"start":{"line":33,"column":5},"end":{"line":33,"column":17}}},"3":{"name":"(anonymous_3)","line":37,"loc":{"start":{"line":37,"column":24},"end":{"line":37,"column":36}}},"4":{"name":"(anonymous_4)","line":69,"loc":{"start":{"line":69,"column":31},"end":{"line":69,"column":48}},"skip":true},"5":{"name":"(anonymous_5)","line":78,"loc":{"start":{"line":78,"column":26},"end":{"line":78,"column":45}},"skip":true},"6":{"name":"(anonymous_6)","line":123,"loc":{"start":{"line":123,"column":33},"end":{"line":123,"column":48}},"skip":true},"7":{"name":"(anonymous_7)","line":125,"loc":{"start":{"line":125,"column":27},"end":{"line":125,"column":39}},"skip":true},"8":{"name":"(anonymous_8)","line":133,"loc":{"start":{"line":133,"column":59},"end":{"line":133,"column":74}},"skip":true},"9":{"name":"(anonymous_9)","line":143,"loc":{"start":{"line":143,"column":45},"end":{"line":143,"column":62}},"skip":true},"10":{"name":"(anonymous_10)","line":144,"loc":{"start":{"line":144,"column":73},"end":{"line":144,"column":92}},"skip":true},"11":{"name":"(anonymous_11)","line":272,"loc":{"start":{"line":272,"column":51},"end":{"line":272,"column":77}},"skip":true},"12":{"name":"(anonymous_12)","line":315,"loc":{"start":{"line":315,"column":32},"end":{"line":315,"column":61}},"skip":true}},"statementMap":{"1":{"start":{"line":26,"column":0},"end":{"line":326,"column":5}},"2":{"start":{"line":28,"column":4},"end":{"line":28,"column":14}},"3":{"start":{"line":33,"column":4},"end":{"line":60,"column":9}},"4":{"start":{"line":35,"column":8},"end":{"line":35,"column":19}},"5":{"start":{"line":37,"column":8},"end":{"line":49,"column":13}},"6":{"start":{"line":38,"column":12},"end":{"line":48,"column":13}},"7":{"start":{"line":39,"column":16},"end":{"line":42,"column":30}},"8":{"start":{"line":44,"column":16},"end":{"line":47,"column":27}},"9":{"start":{"line":51,"column":8},"end":{"line":53,"column":21}},"10":{"start":{"line":55,"column":8},"end":{"line":57,"column":45}},"11":{"start":{"line":59,"column":8},"end":{"line":59,"column":35}},"12":{"start":{"line":61,"column":4},"end":{"line":325,"column":5}},"13":{"start":{"line":69,"column":8},"end":{"line":121,"column":10},"skip":true},"14":{"start":{"line":70,"column":12},"end":{"line":88,"column":13},"skip":true},"15":{"start":{"line":76,"column":16},"end":{"line":87,"column":19},"skip":true},"16":{"start":{"line":79,"column":20},"end":{"line":86,"column":21},"skip":true},"17":{"start":{"line":82,"column":24},"end":{"line":82,"column":43},"skip":true},"18":{"start":{"line":83,"column":24},"end":{"line":83,"column":30},"skip":true},"19":{"start":{"line":85,"column":24},"end":{"line":85,"column":49},"skip":true},"20":{"start":{"line":89,"column":12},"end":{"line":107,"column":13},"skip":true},"21":{"start":{"line":92,"column":16},"end":{"line":102,"column":17},"skip":true},"22":{"start":{"line":93,"column":20},"end":{"line":93,"column":86},"skip":true},"23":{"start":{"line":94,"column":20},"end":{"line":95,"column":45},"skip":true},"24":{"start":{"line":96,"column":20},"end":{"line":96,"column":42},"skip":true},"25":{"start":{"line":97,"column":20},"end":{"line":97,"column":48},"skip":true},"26":{"start":{"line":100,"column":20},"end":{"line":100,"column":85},"skip":true},"27":{"start":{"line":101,"column":20},"end":{"line":101,"column":96},"skip":true},"28":{"start":{"line":103,"column":16},"end":{"line":103,"column":22},"skip":true},"29":{"start":{"line":106,"column":16},"end":{"line":106,"column":22},"skip":true},"30":{"start":{"line":108,"column":12},"end":{"line":120,"column":13},"skip":true},"31":{"start":{"line":114,"column":16},"end":{"line":119,"column":17},"skip":true},"32":{"start":{"line":116,"column":20},"end":{"line":116,"column":78},"skip":true},"33":{"start":{"line":118,"column":20},"end":{"line":118,"column":47},"skip":true},"34":{"start":{"line":123,"column":8},"end":{"line":141,"column":11},"skip":true},"35":{"start":{"line":124,"column":12},"end":{"line":124,"column":54},"skip":true},"36":{"start":{"line":125,"column":12},"end":{"line":140,"column":14},"skip":true},"37":{"start":{"line":126,"column":16},"end":{"line":126,"column":28},"skip":true},"38":{"start":{"line":127,"column":16},"end":{"line":127,"column":69},"skip":true},"39":{"start":{"line":128,"column":16},"end":{"line":128,"column":75},"skip":true},"40":{"start":{"line":129,"column":16},"end":{"line":131,"column":17},"skip":true},"41":{"start":{"line":130,"column":20},"end":{"line":130,"column":27},"skip":true},"42":{"start":{"line":133,"column":16},"end":{"line":137,"column":36},"skip":true},"43":{"start":{"line":134,"column":20},"end":{"line":136,"column":55},"skip":true},"44":{"start":{"line":139,"column":16},"end":{"line":139,"column":57},"skip":true},"45":{"start":{"line":143,"column":8},"end":{"line":147,"column":11},"skip":true},"46":{"start":{"line":144,"column":12},"end":{"line":146,"column":15},"skip":true},"47":{"start":{"line":145,"column":16},"end":{"line":145,"column":70},"skip":true},"48":{"start":{"line":149,"column":8},"end":{"line":149,"column":31},"skip":true},"49":{"start":{"line":150,"column":8},"end":{"line":150,"column":14},"skip":true},"50":{"start":{"line":158,"column":8},"end":{"line":158,"column":31},"skip":true},"51":{"start":{"line":160,"column":8},"end":{"line":160,"column":33},"skip":true},"52":{"start":{"line":161,"column":8},"end":{"line":161,"column":37},"skip":true},"53":{"start":{"line":162,"column":8},"end":{"line":162,"column":35},"skip":true},"54":{"start":{"line":164,"column":8},"end":{"line":164,"column":50},"skip":true},"55":{"start":{"line":166,"column":8},"end":{"line":256,"column":2},"skip":true},"56":{"start":{"line":258,"column":8},"end":{"line":286,"column":9},"skip":true},"57":{"start":{"line":259,"column":12},"end":{"line":269,"column":14},"skip":true},"58":{"start":{"line":271,"column":12},"end":{"line":285,"column":19},"skip":true},"59":{"start":{"line":274,"column":20},"end":{"line":274,"column":35},"skip":true},"60":{"start":{"line":275,"column":20},"end":{"line":284,"column":21},"skip":true},"61":{"start":{"line":277,"column":24},"end":{"line":277,"column":64},"skip":true},"62":{"start":{"line":279,"column":24},"end":{"line":279,"column":40},"skip":true},"63":{"start":{"line":281,"column":24},"end":{"line":281,"column":40},"skip":true},"64":{"start":{"line":283,"column":24},"end":{"line":283,"column":39},"skip":true},"65":{"start":{"line":288,"column":8},"end":{"line":290,"column":9},"skip":true},"66":{"start":{"line":289,"column":12},"end":{"line":289,"column":18},"skip":true},"67":{"start":{"line":291,"column":8},"end":{"line":293,"column":54},"skip":true},"68":{"start":{"line":296,"column":8},"end":{"line":301,"column":37},"skip":true},"69":{"start":{"line":303,"column":8},"end":{"line":303,"column":82},"skip":true},"70":{"start":{"line":306,"column":8},"end":{"line":308,"column":9},"skip":true},"71":{"start":{"line":307,"column":12},"end":{"line":307,"column":82},"skip":true},"72":{"start":{"line":310,"column":8},"end":{"line":312,"column":9},"skip":true},"73":{"start":{"line":311,"column":12},"end":{"line":311,"column":18},"skip":true},"74":{"start":{"line":313,"column":8},"end":{"line":313,"column":54},"skip":true},"75":{"start":{"line":314,"column":8},"end":{"line":314,"column":69},"skip":true},"76":{"start":{"line":315,"column":8},"end":{"line":323,"column":36},"skip":true},"77":{"start":{"line":316,"column":12},"end":{"line":316,"column":61},"skip":true},"78":{"start":{"line":317,"column":12},"end":{"line":320,"column":13},"skip":true},"79":{"start":{"line":318,"column":16},"end":{"line":318,"column":75},"skip":true},"80":{"start":{"line":319,"column":16},"end":{"line":319,"column":23},"skip":true},"81":{"start":{"line":321,"column":12},"end":{"line":321,"column":38},"skip":true},"82":{"start":{"line":322,"column":12},"end":{"line":322,"column":27},"skip":true},"83":{"start":{"line":324,"column":8},"end":{"line":324,"column":14},"skip":true}},"branchMap":{"1":{"line":39,"type":"binary-expr","locations":[{"start":{"line":39,"column":23},"end":{"line":39,"column":62}},{"start":{"line":40,"column":20},"end":{"line":40,"column":70}},{"start":{"line":41,"column":20},"end":{"line":41,"column":71}},{"start":{"line":42,"column":20},"end":{"line":42,"column":29}}]},"2":{"line":44,"type":"binary-expr","locations":[{"start":{"line":44,"column":23},"end":{"line":44,"column":37}},{"start":{"line":45,"column":20},"end":{"line":45,"column":61}},{"start":{"line":46,"column":20},"end":{"line":46,"column":70}},{"start":{"line":47,"column":20},"end":{"line":47,"column":26}}]},"3":{"line":51,"type":"cond-expr","locations":[{"start":{"line":52,"column":14},"end":{"line":52,"column":20}},{"start":{"line":53,"column":14},"end":{"line":53,"column":20}}]},"4":{"line":55,"type":"binary-expr","locations":[{"start":{"line":55,"column":16},"end":{"line":55,"column":44}},{"start":{"line":55,"column":49},"end":{"line":57,"column":43}}]},"5":{"line":55,"type":"cond-expr","locations":[{"start":{"line":56,"column":14},"end":{"line":56,"column":52}},{"start":{"line":57,"column":14},"end":{"line":57,"column":43}}]},"6":{"line":61,"type":"switch","locations":[{"start":{"line":68,"column":4},"end":{"line":150,"column":14},"skip":true},{"start":{"line":156,"column":4},"end":{"line":324,"column":14},"skip":true}]},"7":{"line":70,"type":"if","locations":[{"start":{"line":70,"column":12},"end":{"line":70,"column":12},"skip":true},{"start":{"line":70,"column":12},"end":{"line":70,"column":12},"skip":true}]},"8":{"line":70,"type":"binary-expr","locations":[{"start":{"line":70,"column":16},"end":{"line":70,"column":22},"skip":true},{"start":{"line":70,"column":27},"end":{"line":70,"column":32},"skip":true},{"start":{"line":71,"column":20},"end":{"line":71,"column":39},"skip":true},{"start":{"line":72,"column":20},"end":{"line":72,"column":49},"skip":true},{"start":{"line":73,"column":20},"end":{"line":73,"column":58},"skip":true},{"start":{"line":74,"column":20},"end":{"line":74,"column":69},"skip":true}]},"9":{"line":79,"type":"switch","locations":[{"start":{"line":80,"column":20},"end":{"line":80,"column":33},"skip":true},{"start":{"line":81,"column":20},"end":{"line":83,"column":30},"skip":true},{"start":{"line":84,"column":20},"end":{"line":85,"column":49},"skip":true}]},"10":{"line":89,"type":"switch","locations":[{"start":{"line":90,"column":12},"end":{"line":103,"column":22},"skip":true},{"start":{"line":105,"column":12},"end":{"line":106,"column":22},"skip":true}]},"11":{"line":89,"type":"binary-expr","locations":[{"start":{"line":89,"column":20},"end":{"line":89,"column":25},"skip":true},{"start":{"line":89,"column":29},"end":{"line":89,"column":48},"skip":true},{"start":{"line":89,"column":52},"end":{"line":89,"column":74},"skip":true}]},"12":{"line":92,"type":"if","locations":[{"start":{"line":92,"column":16},"end":{"line":92,"column":16},"skip":true},{"start":{"line":92,"column":16},"end":{"line":92,"column":16},"skip":true}]},"13":{"line":108,"type":"if","locations":[{"start":{"line":108,"column":12},"end":{"line":108,"column":12},"skip":true},{"start":{"line":108,"column":12},"end":{"line":108,"column":12},"skip":true}]},"14":{"line":108,"type":"binary-expr","locations":[{"start":{"line":108,"column":16},"end":{"line":108,"column":61},"skip":true},{"start":{"line":108,"column":66},"end":{"line":108,"column":72},"skip":true},{"start":{"line":108,"column":77},"end":{"line":108,"column":82},"skip":true},{"start":{"line":109,"column":20},"end":{"line":109,"column":39},"skip":true},{"start":{"line":110,"column":20},"end":{"line":110,"column":49},"skip":true},{"start":{"line":111,"column":20},"end":{"line":111,"column":58},"skip":true},{"start":{"line":112,"column":20},"end":{"line":112,"column":68},"skip":true}]},"15":{"line":129,"type":"if","locations":[{"start":{"line":129,"column":16},"end":{"line":129,"column":16},"skip":true},{"start":{"line":129,"column":16},"end":{"line":129,"column":16},"skip":true}]},"16":{"line":134,"type":"cond-expr","locations":[{"start":{"line":135,"column":26},"end":{"line":135,"column":29},"skip":true},{"start":{"line":136,"column":26},"end":{"line":136,"column":54},"skip":true}]},"17":{"line":164,"type":"binary-expr","locations":[{"start":{"line":164,"column":27},"end":{"line":164,"column":43},"skip":true},{"start":{"line":164,"column":47},"end":{"line":164,"column":49},"skip":true}]},"18":{"line":258,"type":"if","locations":[{"start":{"line":258,"column":8},"end":{"line":258,"column":8},"skip":true},{"start":{"line":258,"column":8},"end":{"line":258,"column":8},"skip":true}]},"19":{"line":275,"type":"switch","locations":[{"start":{"line":276,"column":20},"end":{"line":277,"column":64},"skip":true},{"start":{"line":278,"column":20},"end":{"line":279,"column":40},"skip":true},{"start":{"line":280,"column":20},"end":{"line":281,"column":40},"skip":true},{"start":{"line":282,"column":20},"end":{"line":283,"column":39},"skip":true}]},"20":{"line":288,"type":"if","locations":[{"start":{"line":288,"column":8},"end":{"line":288,"column":8},"skip":true},{"start":{"line":288,"column":8},"end":{"line":288,"column":8},"skip":true}]},"21":{"line":288,"type":"binary-expr","locations":[{"start":{"line":288,"column":12},"end":{"line":288,"column":40},"skip":true},{"start":{"line":288,"column":44},"end":{"line":288,"column":67},"skip":true}]},"22":{"line":292,"type":"binary-expr","locations":[{"start":{"line":292,"column":12},"end":{"line":292,"column":50},"skip":true},{"start":{"line":293,"column":12},"end":{"line":293,"column":53},"skip":true}]},"23":{"line":297,"type":"binary-expr","locations":[{"start":{"line":297,"column":12},"end":{"line":297,"column":66},"skip":true},{"start":{"line":298,"column":12},"end":{"line":301,"column":36},"skip":true}]},"24":{"line":303,"type":"binary-expr","locations":[{"start":{"line":303,"column":43},"end":{"line":303,"column":75},"skip":true},{"start":{"line":303,"column":79},"end":{"line":303,"column":81},"skip":true}]},"25":{"line":306,"type":"if","locations":[{"start":{"line":306,"column":8},"end":{"line":306,"column":8},"skip":true},{"start":{"line":306,"column":8},"end":{"line":306,"column":8},"skip":true}]},"26":{"line":310,"type":"if","locations":[{"start":{"line":310,"column":8},"end":{"line":310,"column":8},"skip":true},{"start":{"line":310,"column":8},"end":{"line":310,"column":8},"skip":true}]},"27":{"line":313,"type":"binary-expr","locations":[{"start":{"line":313,"column":27},"end":{"line":313,"column":43},"skip":true},{"start":{"line":313,"column":47},"end":{"line":313,"column":53},"skip":true}]},"28":{"line":317,"type":"if","locations":[{"start":{"line":317,"column":12},"end":{"line":317,"column":12},"skip":true},{"start":{"line":317,"column":12},"end":{"line":317,"column":12},"skip":true}]}},"code":["/*","example.js","","quickstart example","","instruction","    1. save this script as example.js","    2. run the shell command:","        $ npm install npmtest-prettier && PORT=8081 node example.js","    3. play with the browser-demo on http://127.0.0.1:8081","*/","","","","/* istanbul instrument in package npmtest_prettier */","/*jslint","    bitwise: true,","    browser: true,","    maxerr: 8,","    maxlen: 96,","    node: true,","    nomen: true,","    regexp: true,","    stupid: true","*/","(function () {","    'use strict';","    var local;","","","","    // run shared js-env code - pre-init","    (function () {","        // init local","        local = {};","        // init modeJs","        local.modeJs = (function () {","            try {","                return typeof navigator.userAgent === 'string' &&","                    typeof document.querySelector('body') === 'object' &&","                    typeof XMLHttpRequest.prototype.open === 'function' &&","                    'browser';","            } catch (errorCaughtBrowser) {","                return module.exports &&","                    typeof process.versions.node === 'string' &&","                    typeof require('http').createServer === 'function' &&","                    'node';","            }","        }());","        // init global","        local.global = local.modeJs === 'browser'","            ? window","            : global;","        // init utility2_rollup","        local = local.global.utility2_rollup || (local.modeJs === 'browser'","            ? local.global.utility2_npmtest_prettier","            : global.utility2_moduleExports);","        // export local","        local.global.local = local;","    }());","    switch (local.modeJs) {","","","","    // post-init","    // run browser js-env code - post-init","    /* istanbul ignore next */","    case 'browser':","        local.testRunBrowser = function (event) {","            if (!event || (event &&","                    event.currentTarget &&","                    event.currentTarget.className &&","                    event.currentTarget.className.includes &&","                    event.currentTarget.className.includes('onreset'))) {","                // reset output","                Array.from(","                    document.querySelectorAll('body > .resettable')","                ).forEach(function (element) {","                    switch (element.tagName) {","                    case 'INPUT':","                    case 'TEXTAREA':","                        element.value = '';","                        break;","                    default:","                        element.textContent = '';","                    }","                });","            }","            switch (event && event.currentTarget && event.currentTarget.id) {","            case 'testRunButton1':","                // show tests","                if (document.querySelector('#testReportDiv1').style.display === 'none') {","                    document.querySelector('#testReportDiv1').style.display = 'block';","                    document.querySelector('#testRunButton1').textContent =","                        'hide internal test';","                    local.modeTest = true;","                    local.testRunDefault(local);","                // hide tests","                } else {","                    document.querySelector('#testReportDiv1').style.display = 'none';","                    document.querySelector('#testRunButton1').textContent = 'run internal test';","                }","                break;","            // custom-case","            default:","                break;","            }","            if (document.querySelector('#inputTextareaEval1') && (!event || (event &&","                    event.currentTarget &&","                    event.currentTarget.className &&","                    event.currentTarget.className.includes &&","                    event.currentTarget.className.includes('oneval')))) {","                // try to eval input-code","                try {","                    /*jslint evil: true*/","                    eval(document.querySelector('#inputTextareaEval1').value);","                } catch (errorCaught) {","                    console.error(errorCaught);","                }","            }","        };","        // log stderr and stdout to #outputTextareaStdout1","        ['error', 'log'].forEach(function (key) {","            console[key + '_original'] = console[key];","            console[key] = function () {","                var element;","                console[key + '_original'].apply(console, arguments);","                element = document.querySelector('#outputTextareaStdout1');","                if (!element) {","                    return;","                }","                // append text to #outputTextareaStdout1","                element.value += Array.from(arguments).map(function (arg) {","                    return typeof arg === 'string'","                        ? arg","                        : JSON.stringify(arg, null, 4);","                }).join(' ') + '\\n';","                // scroll textarea to bottom","                element.scrollTop = element.scrollHeight;","            };","        });","        // init event-handling","        ['change', 'click', 'keyup'].forEach(function (event) {","            Array.from(document.querySelectorAll('.on' + event)).forEach(function (element) {","                element.addEventListener(event, local.testRunBrowser);","            });","        });","        // run tests","        local.testRunBrowser();","        break;","","","","    // run node js-env code - post-init","    /* istanbul ignore next */","    case 'node':","        // export local","        module.exports = local;","        // require modules","        local.fs = require('fs');","        local.http = require('http');","        local.url = require('url');","        // init assets","        local.assetsDict = local.assetsDict || {};","        /* jslint-ignore-begin */","        local.assetsDict['/assets.index.template.html'] = '\\","<!doctype html>\\n\\","<html lang=\"en\">\\n\\","<head>\\n\\","<meta charset=\"UTF-8\">\\n\\","<meta name=\"viewport\" content=\"width=device-width, initial-scale=1\">\\n\\","<title>{{env.npm_package_name}} (v{{env.npm_package_version}})</title>\\n\\","<style>\\n\\","/*csslint\\n\\","    box-sizing: false,\\n\\","    universal-selector: false\\n\\","*/\\n\\","* {\\n\\","    box-sizing: border-box;\\n\\","}\\n\\","body {\\n\\","    background: #dde;\\n\\","    font-family: Arial, Helvetica, sans-serif;\\n\\","    margin: 2rem;\\n\\","}\\n\\","body > * {\\n\\","    margin-bottom: 1rem;\\n\\","}\\n\\",".utility2FooterDiv {\\n\\","    margin-top: 20px;\\n\\","    text-align: center;\\n\\","}\\n\\","</style>\\n\\","<style>\\n\\","/*csslint\\n\\","*/\\n\\","textarea {\\n\\","    font-family: monospace;\\n\\","    height: 10rem;\\n\\","    width: 100%;\\n\\","}\\n\\","textarea[readonly] {\\n\\","    background: #ddd;\\n\\","}\\n\\","</style>\\n\\","</head>\\n\\","<body>\\n\\","<!-- utility2-comment\\n\\","<div id=\"ajaxProgressDiv1\" style=\"background: #d00; height: 2px; left: 0; margin: 0; padding: 0; position: fixed; top: 0; transition: background 0.5s, width 1.5s; width: 25%;\"></div>\\n\\","utility2-comment -->\\n\\","<h1>\\n\\","<!-- utility2-comment\\n\\","    <a\\n\\","        {{#if env.npm_package_homepage}}\\n\\","        href=\"{{env.npm_package_homepage}}\"\\n\\","        {{/if env.npm_package_homepage}}\\n\\","        target=\"_blank\"\\n\\","    >\\n\\","utility2-comment -->\\n\\","        {{env.npm_package_name}} (v{{env.npm_package_version}})\\n\\","<!-- utility2-comment\\n\\","    </a>\\n\\","utility2-comment -->\\n\\","</h1>\\n\\","<h3>{{env.npm_package_description}}</h3>\\n\\","<!-- utility2-comment\\n\\","<h4><a download href=\"assets.app.js\">download standalone app</a></h4>\\n\\","<button class=\"onclick onreset\" id=\"testRunButton1\">run internal test</button><br>\\n\\","<div id=\"testReportDiv1\" style=\"display: none;\"></div>\\n\\","utility2-comment -->\\n\\","\\n\\","\\n\\","\\n\\","<label>stderr and stdout</label>\\n\\","<textarea class=\"resettable\" id=\"outputTextareaStdout1\" readonly></textarea>\\n\\","<!-- utility2-comment\\n\\","{{#if isRollup}}\\n\\","<script src=\"assets.app.js\"></script>\\n\\","{{#unless isRollup}}\\n\\","utility2-comment -->\\n\\","<script src=\"assets.utility2.rollup.js\"></script>\\n\\","<script src=\"jsonp.utility2._stateInit?callback=window.utility2._stateInit\"></script>\\n\\","<script src=\"assets.npmtest_prettier.rollup.js\"></script>\\n\\","<script src=\"assets.example.js\"></script>\\n\\","<script src=\"assets.test.js\"></script>\\n\\","<!-- utility2-comment\\n\\","{{/if isRollup}}\\n\\","utility2-comment -->\\n\\","<div class=\"utility2FooterDiv\">\\n\\","    [ this app was created with\\n\\","    <a href=\"https://github.com/kaizhu256/node-utility2\" target=\"_blank\">utility2</a>\\n\\","    ]\\n\\","</div>\\n\\","</body>\\n\\","</html>\\n\\","';","        /* jslint-ignore-end */","        if (local.templateRender) {","            local.assetsDict['/'] = local.templateRender(","                local.assetsDict['/assets.index.template.html'],","                {","                    env: local.objectSetDefault(local.env, {","                        npm_package_description: 'the greatest app in the world!',","                        npm_package_name: 'my-app',","                        npm_package_nameAlias: 'my_app',","                        npm_package_version: '0.0.1'","                    })","                }","            );","        } else {","            local.assetsDict['/'] = local.assetsDict['/assets.index.template.html']","                .replace((/\\{\\{env\\.(\\w+?)\\}\\}/g), function (match0, match1) {","                    // jslint-hack","                    String(match0);","                    switch (match1) {","                    case 'npm_package_description':","                        return 'the greatest app in the world!';","                    case 'npm_package_name':","                        return 'my-app';","                    case 'npm_package_nameAlias':","                        return 'my_app';","                    case 'npm_package_version':","                        return '0.0.1';","                    }","                });","        }","        // run the cli","        if (local.global.utility2_rollup || module !== require.main) {","            break;","        }","        local.assetsDict['/assets.example.js'] =","            local.assetsDict['/assets.example.js'] ||","            local.fs.readFileSync(__filename, 'utf8');","        // bug-workaround - long $npm_package_buildCustomOrg","        /* jslint-ignore-begin */","        local.assetsDict['/assets.npmtest_prettier.rollup.js'] =","            local.assetsDict['/assets.npmtest_prettier.rollup.js'] ||","            local.fs.readFileSync(","                local.npmtest_prettier.__dirname + '/lib.npmtest_prettier.js',","                'utf8'","            ).replace((/^#!/), '//');","        /* jslint-ignore-end */","        local.assetsDict['/favicon.ico'] = local.assetsDict['/favicon.ico'] || '';","        // if $npm_config_timeout_exit exists,","        // then exit this process after $npm_config_timeout_exit ms","        if (Number(process.env.npm_config_timeout_exit)) {","            setTimeout(process.exit, Number(process.env.npm_config_timeout_exit));","        }","        // start server","        if (local.global.utility2_serverHttp1) {","            break;","        }","        process.env.PORT = process.env.PORT || '8081';","        console.error('server starting on port ' + process.env.PORT);","        local.http.createServer(function (request, response) {","            request.urlParsed = local.url.parse(request.url);","            if (local.assetsDict[request.urlParsed.pathname] !== undefined) {","                response.end(local.assetsDict[request.urlParsed.pathname]);","                return;","            }","            response.statusCode = 404;","            response.end();","        }).listen(process.env.PORT);","        break;","    }","}());",""],"l":{"26":2,"28":2,"33":2,"35":2,"37":2,"38":2,"39":2,"44":1,"51":2,"55":2,"59":2,"61":2,"69":1,"70":2,"76":2,"79":2,"82":2,"83":2,"85":1,"89":2,"92":1,"93":1,"94":1,"96":1,"97":1,"100":1,"101":1,"103":1,"106":1,"108":2,"114":1,"116":1,"118":1,"123":1,"124":2,"125":2,"126":3,"127":3,"128":3,"129":3,"130":1,"133":3,"134":3,"139":3,"143":1,"144":3,"145":1,"149":1,"150":1,"158":1,"160":1,"161":1,"162":1,"164":1,"166":1,"258":1,"259":1,"271":1,"274":6,"275":6,"277":1,"279":2,"281":1,"283":2,"288":1,"289":1,"291":1,"296":1,"303":1,"306":1,"307":1,"310":1,"311":1,"313":1,"314":1,"315":1,"316":1,"317":1,"318":1,"319":1,"321":1,"322":1,"324":1}},"/home/travis/build/npmtest/node-npmtest-prettier/node_modules/prettier/index.js":{"path":"/home/travis/build/npmtest/node-npmtest-prettier/node_modules/prettier/index.js","s":{"1":1,"2":1,"3":1,"4":1,"5":1,"6":1,"7":1,"8":1,"9":1,"10":0,"11":0,"12":0,"13":0,"14":1,"15":0,"16":0,"17":0,"18":0,"19":0,"20":0,"21":0,"22":0,"23":0,"24":0,"25":0,"26":0,"27":0,"28":1,"29":0,"30":0,"31":0,"32":0,"33":0,"34":0,"35":0,"36":1,"37":0,"38":0,"39":0,"40":0,"41":0,"42":0,"43":0,"44":1,"45":0,"46":0,"47":0,"48":0,"49":0,"50":0,"51":0,"52":1,"53":0,"54":0,"55":0,"56":0,"57":0,"58":0,"59":0,"60":0,"61":1,"62":0,"63":0,"64":0,"65":0,"66":0,"67":0,"68":0,"69":0,"70":0,"71":0,"72":0,"73":0,"74":0,"75":0,"76":0,"77":0,"78":0,"79":0,"80":0,"81":0,"82":0},"b":{"1":[0,0],"2":[0,0],"3":[0,0],"4":[0,0],"5":[0,0],"6":[0,0],"7":[0,0],"8":[0,0],"9":[0,0],"10":[0,0],"11":[0,0]},"f":{"1":0,"2":0,"3":0,"4":0,"5":0,"6":0,"7":0,"8":0,"9":0,"10":0,"11":0,"12":0},"fnMap":{"1":{"name":"guessLineEnding","line":12,"loc":{"start":{"line":12,"column":0},"end":{"line":12,"column":31}}},"2":{"name":"parse","line":20,"loc":{"start":{"line":20,"column":0},"end":{"line":20,"column":27}}},"3":{"name":"attachComments","line":47,"loc":{"start":{"line":47,"column":0},"end":{"line":47,"column":41}}},"4":{"name":"ensureAllCommentsPrinted","line":58,"loc":{"start":{"line":58,"column":0},"end":{"line":58,"column":47}}},"5":{"name":"format","line":79,"loc":{"start":{"line":79,"column":0},"end":{"line":79,"column":28}}},"6":{"name":"formatWithShebang","line":89,"loc":{"start":{"line":89,"column":0},"end":{"line":89,"column":39}}},"7":{"name":"(anonymous_7)","line":104,"loc":{"start":{"line":104,"column":10},"end":{"line":104,"column":31}}},"8":{"name":"(anonymous_8)","line":107,"loc":{"start":{"line":107,"column":9},"end":{"line":107,"column":30}}},"9":{"name":"(anonymous_9)","line":117,"loc":{"start":{"line":117,"column":15},"end":{"line":117,"column":35}}},"10":{"name":"(anonymous_10)","line":124,"loc":{"start":{"line":124,"column":15},"end":{"line":124,"column":35}}},"11":{"name":"(anonymous_11)","line":130,"loc":{"start":{"line":130,"column":16},"end":{"line":130,"column":37}}},"12":{"name":"(anonymous_12)","line":137,"loc":{"start":{"line":137,"column":22},"end":{"line":137,"column":42}}}},"statementMap":{"1":{"start":{"line":3,"column":0},"end":{"line":3,"column":46}},"2":{"start":{"line":4,"column":0},"end":{"line":4,"column":43}},"3":{"start":{"line":5,"column":0},"end":{"line":5,"column":50}},"4":{"start":{"line":6,"column":0},"end":{"line":6,"column":61}},"5":{"start":{"line":7,"column":0},"end":{"line":7,"column":71}},"6":{"start":{"line":8,"column":0},"end":{"line":8,"column":60}},"7":{"start":{"line":9,"column":0},"end":{"line":9,"column":39}},"8":{"start":{"line":10,"column":0},"end":{"line":10,"column":67}},"9":{"start":{"line":12,"column":0},"end":{"line":18,"column":1}},"10":{"start":{"line":13,"column":2},"end":{"line":13,"column":35}},"11":{"start":{"line":14,"column":2},"end":{"line":16,"column":3}},"12":{"start":{"line":15,"column":4},"end":{"line":15,"column":18}},"13":{"start":{"line":17,"column":2},"end":{"line":17,"column":14}},"14":{"start":{"line":20,"column":0},"end":{"line":45,"column":1}},"15":{"start":{"line":21,"column":2},"end":{"line":21,"column":20}},"16":{"start":{"line":23,"column":2},"end":{"line":29,"column":3}},"17":{"start":{"line":24,"column":4},"end":{"line":24,"column":41}},"18":{"start":{"line":25,"column":9},"end":{"line":29,"column":3}},"19":{"start":{"line":26,"column":4},"end":{"line":26,"column":47}},"20":{"start":{"line":28,"column":4},"end":{"line":28,"column":44}},"21":{"start":{"line":31,"column":2},"end":{"line":44,"column":3}},"22":{"start":{"line":32,"column":4},"end":{"line":32,"column":31}},"23":{"start":{"line":34,"column":4},"end":{"line":34,"column":26}},"24":{"start":{"line":36,"column":4},"end":{"line":41,"column":5}},"25":{"start":{"line":37,"column":6},"end":{"line":39,"column":9}},"26":{"start":{"line":40,"column":6},"end":{"line":40,"column":46}},"27":{"start":{"line":43,"column":4},"end":{"line":43,"column":16}},"28":{"start":{"line":47,"column":0},"end":{"line":56,"column":1}},"29":{"start":{"line":48,"column":2},"end":{"line":48,"column":35}},"30":{"start":{"line":49,"column":2},"end":{"line":52,"column":3}},"31":{"start":{"line":50,"column":4},"end":{"line":50,"column":24}},"32":{"start":{"line":51,"column":4},"end":{"line":51,"column":50}},"33":{"start":{"line":53,"column":2},"end":{"line":53,"column":18}},"34":{"start":{"line":54,"column":2},"end":{"line":54,"column":39}},"35":{"start":{"line":55,"column":2},"end":{"line":55,"column":21}},"36":{"start":{"line":58,"column":0},"end":{"line":77,"column":1}},"37":{"start":{"line":59,"column":2},"end":{"line":65,"column":3}},"38":{"start":{"line":60,"column":4},"end":{"line":64,"column":5}},"39":{"start":{"line":63,"column":6},"end":{"line":63,"column":13}},"40":{"start":{"line":67,"column":2},"end":{"line":76,"column":5}},"41":{"start":{"line":68,"column":4},"end":{"line":74,"column":5}},"42":{"start":{"line":69,"column":6},"end":{"line":73,"column":8}},"43":{"start":{"line":75,"column":4},"end":{"line":75,"column":27}},"44":{"start":{"line":79,"column":0},"end":{"line":87,"column":1}},"45":{"start":{"line":80,"column":2},"end":{"line":80,"column":32}},"46":{"start":{"line":81,"column":2},"end":{"line":81,"column":54}},"47":{"start":{"line":82,"column":2},"end":{"line":82,"column":39}},"48":{"start":{"line":83,"column":2},"end":{"line":83,"column":39}},"49":{"start":{"line":84,"column":2},"end":{"line":84,"column":42}},"50":{"start":{"line":85,"column":2},"end":{"line":85,"column":40}},"51":{"start":{"line":86,"column":2},"end":{"line":86,"column":13}},"52":{"start":{"line":89,"column":0},"end":{"line":101,"column":1}},"53":{"start":{"line":90,"column":2},"end":{"line":92,"column":3}},"54":{"start":{"line":91,"column":4},"end":{"line":91,"column":30}},"55":{"start":{"line":94,"column":2},"end":{"line":94,"column":35}},"56":{"start":{"line":95,"column":2},"end":{"line":95,"column":43}},"57":{"start":{"line":96,"column":2},"end":{"line":96,"column":44}},"58":{"start":{"line":97,"column":2},"end":{"line":97,"column":42}},"59":{"start":{"line":98,"column":2},"end":{"line":98,"column":77}},"60":{"start":{"line":100,"column":2},"end":{"line":100,"column":55}},"61":{"start":{"line":103,"column":0},"end":{"line":143,"column":2}},"62":{"start":{"line":105,"column":4},"end":{"line":105,"column":59}},"63":{"start":{"line":108,"column":4},"end":{"line":113,"column":5}},"64":{"start":{"line":109,"column":6},"end":{"line":109,"column":48}},"65":{"start":{"line":110,"column":6},"end":{"line":110,"column":32}},"66":{"start":{"line":112,"column":6},"end":{"line":112,"column":19}},"67":{"start":{"line":118,"column":6},"end":{"line":118,"column":36}},"68":{"start":{"line":119,"column":6},"end":{"line":119,"column":43}},"69":{"start":{"line":120,"column":6},"end":{"line":120,"column":46}},"70":{"start":{"line":121,"column":6},"end":{"line":121,"column":17}},"71":{"start":{"line":125,"column":6},"end":{"line":125,"column":36}},"72":{"start":{"line":126,"column":6},"end":{"line":126,"column":41}},"73":{"start":{"line":127,"column":6},"end":{"line":127,"column":38}},"74":{"start":{"line":128,"column":6},"end":{"line":128,"column":17}},"75":{"start":{"line":131,"column":6},"end":{"line":131,"column":36}},"76":{"start":{"line":132,"column":6},"end":{"line":132,"column":36}},"77":{"start":{"line":133,"column":6},"end":{"line":133,"column":38}},"78":{"start":{"line":134,"column":6},"end":{"line":134,"column":43}},"79":{"start":{"line":135,"column":6},"end":{"line":135,"column":17}},"80":{"start":{"line":138,"column":6},"end":{"line":138,"column":36}},"81":{"start":{"line":139,"column":6},"end":{"line":139,"column":46}},"82":{"start":{"line":140,"column":6},"end":{"line":140,"column":17}}},"branchMap":{"1":{"line":14,"type":"if","locations":[{"start":{"line":14,"column":2},"end":{"line":14,"column":2}},{"start":{"line":14,"column":2},"end":{"line":14,"column":2}}]},"2":{"line":14,"type":"binary-expr","locations":[{"start":{"line":14,"column":6},"end":{"line":14,"column":16}},{"start":{"line":14,"column":20},"end":{"line":14,"column":51}}]},"3":{"line":23,"type":"if","locations":[{"start":{"line":23,"column":2},"end":{"line":23,"column":2}},{"start":{"line":23,"column":2},"end":{"line":23,"column":2}}]},"4":{"line":25,"type":"if","locations":[{"start":{"line":25,"column":9},"end":{"line":25,"column":9}},{"start":{"line":25,"column":9},"end":{"line":25,"column":9}}]},"5":{"line":36,"type":"if","locations":[{"start":{"line":36,"column":4},"end":{"line":36,"column":4}},{"start":{"line":36,"column":4},"end":{"line":36,"column":4}}]},"6":{"line":49,"type":"if","locations":[{"start":{"line":49,"column":2},"end":{"line":49,"column":2}},{"start":{"line":49,"column":2},"end":{"line":49,"column":2}}]},"7":{"line":60,"type":"if","locations":[{"start":{"line":60,"column":4},"end":{"line":60,"column":4}},{"start":{"line":60,"column":4},"end":{"line":60,"column":4}}]},"8":{"line":68,"type":"if","locations":[{"start":{"line":68,"column":4},"end":{"line":68,"column":4}},{"start":{"line":68,"column":4},"end":{"line":68,"column":4}}]},"9":{"line":90,"type":"if","locations":[{"start":{"line":90,"column":2},"end":{"line":90,"column":2}},{"start":{"line":90,"column":2},"end":{"line":90,"column":2}}]},"10":{"line":98,"type":"cond-expr","locations":[{"start":{"line":98,"column":38},"end":{"line":98,"column":42}},{"start":{"line":98,"column":45},"end":{"line":98,"column":76}}]},"11":{"line":98,"type":"cond-expr","locations":[{"start":{"line":98,"column":65},"end":{"line":98,"column":71}},{"start":{"line":98,"column":74},"end":{"line":98,"column":76}}]}},"code":["\"use strict\";","","const codeFrame = require(\"babel-code-frame\");","const comments = require(\"./src/comments\");","const version = require(\"./package.json\").version;","const printAstToDoc = require(\"./src/printer\").printAstToDoc;","const printDocToString = require(\"./src/doc-printer\").printDocToString;","const normalizeOptions = require(\"./src/options\").normalize;","const parser = require(\"./src/parser\");","const printDocToDebug = require(\"./src/doc-debug\").printDocToDebug;","","function guessLineEnding(text) {","  const index = text.indexOf(\"\\n\");","  if (index >= 0 && text.charAt(index - 1) === \"\\r\") {","    return \"\\r\\n\";","  }","  return \"\\n\";","}","","function parse(text, opts) {","  let parseFunction;","","  if (opts.parser === \"flow\") {","    parseFunction = parser.parseWithFlow;","  } else if (opts.parser === \"typescript\") {","    parseFunction = parser.parseWithTypeScript;","  } else {","    parseFunction = parser.parseWithBabylon;","  }","","  try {","    return parseFunction(text);","  } catch (error) {","    const loc = error.loc;","","    if (loc) {","      error.codeFrame = codeFrame(text, loc.line, loc.column + 1, {","        highlightCode: true","      });","      error.message += \"\\n\" + error.codeFrame;","    }","","    throw error;","  }","}","","function attachComments(text, ast, opts) {","  const astComments = ast.comments;","  if (astComments) {","    delete ast.comments;","    comments.attach(astComments, ast, text, opts);","  }","  ast.tokens = [];","  opts.originalText = text.trimRight();","  return astComments;","}","","function ensureAllCommentsPrinted(astComments) {","  for (let i = 0; i < astComments.length; ++i) {","    if (astComments[i].value.trim() === \"prettier-ignore\") {","      // If there's a prettier-ignore, we're not printing that sub-tree so we","      // don't know if the comments was printed or not.","      return;","    }","  }","","  astComments.forEach(comment => {","    if (!comment.printed) {","      throw new Error(","        'Comment \"' +","          comment.value.trim() +","          '\" was not printed. Please report this error!'","      );","    }","    delete comment.printed;","  });","}","","function format(text, opts) {","  const ast = parse(text, opts);","  const astComments = attachComments(text, ast, opts);","  const doc = printAstToDoc(ast, opts);","  opts.newLine = guessLineEnding(text);","  const str = printDocToString(doc, opts);","  ensureAllCommentsPrinted(astComments);","  return str;","}","","function formatWithShebang(text, opts) {","  if (!text.startsWith(\"#!\")) {","    return format(text, opts);","  }","","  const index = text.indexOf(\"\\n\");","  const shebang = text.slice(0, index + 1);","  const programText = text.slice(index + 1);","  const nextChar = text.charAt(index + 1);","  const newLine = nextChar === \"\\n\" ? \"\\n\" : nextChar === \"\\r\" ? \"\\r\\n\" : \"\";","","  return shebang + newLine + format(programText, opts);","}","","module.exports = {","  format: function(text, opts) {","    return formatWithShebang(text, normalizeOptions(opts));","  },","  check: function(text, opts) {","    try {","      const formatted = this.format(text, opts);","      return formatted === text;","    } catch (e) {","      return false;","    }","  },","  version: version,","  __debug: {","    formatAST: function(ast, opts) {","      opts = normalizeOptions(opts);","      const doc = printAstToDoc(ast, opts);","      const str = printDocToString(doc, opts);","      return str;","    },","    // Doesn't handle shebang for now","    formatDoc: function(doc, opts) {","      opts = normalizeOptions(opts);","      const debug = printDocToDebug(doc);","      const str = format(debug, opts);","      return str;","    },","    printToDoc: function(text, opts) {","      opts = normalizeOptions(opts);","      const ast = parse(text, opts);","      attachComments(text, ast, opts);","      const doc = printAstToDoc(ast, opts);","      return doc;","    },","    printDocToString: function(doc, opts) {","      opts = normalizeOptions(opts);","      const str = printDocToString(doc, opts);","      return str;","    }","  }","};",""],"l":{"3":1,"4":1,"5":1,"6":1,"7":1,"8":1,"9":1,"10":1,"12":1,"13":0,"14":0,"15":0,"17":0,"20":1,"21":0,"23":0,"24":0,"25":0,"26":0,"28":0,"31":0,"32":0,"34":0,"36":0,"37":0,"40":0,"43":0,"47":1,"48":0,"49":0,"50":0,"51":0,"53":0,"54":0,"55":0,"58":1,"59":0,"60":0,"63":0,"67":0,"68":0,"69":0,"75":0,"79":1,"80":0,"81":0,"82":0,"83":0,"84":0,"85":0,"86":0,"89":1,"90":0,"91":0,"94":0,"95":0,"96":0,"97":0,"98":0,"100":0,"103":1,"105":0,"108":0,"109":0,"110":0,"112":0,"118":0,"119":0,"120":0,"121":0,"125":0,"126":0,"127":0,"128":0,"131":0,"132":0,"133":0,"134":0,"135":0,"138":0,"139":0,"140":0}},"/home/travis/build/npmtest/node-npmtest-prettier/node_modules/prettier/src/comments.js":{"path":"/home/travis/build/npmtest/node-npmtest-prettier/node_modules/prettier/src/comments.js","s":{"1":1,"2":1,"3":1,"4":1,"5":1,"6":1,"7":1,"8":1,"9":1,"10":1,"11":1,"12":1,"13":1,"14":1,"15":1,"16":1,"17":1,"18":1,"19":1,"20":1,"21":0,"22":0,"23":0,"24":0,"25":0,"26":0,"27":0,"28":0,"29":0,"30":0,"31":0,"32":0,"33":0,"34":0,"35":0,"36":0,"37":0,"38":0,"39":0,"40":0,"41":0,"42":0,"43":1,"44":0,"45":0,"46":0,"47":0,"48":0,"49":0,"50":0,"51":0,"52":0,"53":0,"54":0,"55":0,"56":0,"57":0,"58":0,"59":0,"60":0,"61":0,"62":0,"63":0,"64":0,"65":0,"66":0,"67":1,"68":0,"69":0,"70":0,"71":0,"72":0,"73":0,"74":0,"75":0,"76":0,"77":0,"78":0,"79":0,"80":0,"81":0,"82":0,"83":0,"84":0,"85":0,"86":0,"87":0,"88":0,"89":0,"90":0,"91":0,"92":0,"93":0,"94":0,"95":0,"96":0,"97":0,"98":0,"99":0,"100":0,"101":0,"102":0,"103":0,"104":0,"105":0,"106":0,"107":0,"108":0,"109":0,"110":0,"111":0,"112":0,"113":0,"114":0,"115":1,"116":0,"117":0,"118":0,"119":0,"120":0,"121":0,"122":0,"123":0,"124":0,"125":0,"126":0,"127":0,"128":0,"129":0,"130":0,"131":0,"132":0,"133":0,"134":0,"135":1,"136":0,"137":0,"138":0,"139":1,"140":0,"141":0,"142":0,"143":1,"144":0,"145":0,"146":0,"147":1,"148":0,"149":0,"150":0,"151":1,"152":0,"153":0,"154":0,"155":0,"156":0,"157":1,"158":0,"159":0,"160":0,"161":1,"162":0,"163":0,"164":0,"165":0,"166":0,"167":0,"168":0,"169":0,"170":0,"171":0,"172":0,"173":0,"174":1,"175":0,"176":0,"177":0,"178":0,"179":0,"180":0,"181":0,"182":0,"183":0,"184":0,"185":0,"186":0,"187":1,"188":0,"189":0,"190":0,"191":0,"192":1,"193":0,"194":0,"195":0,"196":0,"197":0,"198":1,"199":0,"200":0,"201":0,"202":0,"203":1,"204":0,"205":0,"206":0,"207":0,"208":0,"209":0,"210":1,"211":0,"212":0,"213":0,"214":0,"215":0,"216":0,"217":0,"218":0,"219":0,"220":1,"221":0,"222":0,"223":0,"224":0,"225":0,"226":0,"227":0,"228":1,"229":0,"230":0,"231":0,"232":0,"233":1,"234":0,"235":0,"236":0,"237":0,"238":1,"239":0,"240":0,"241":0,"242":0,"243":1,"244":0,"245":0,"246":0,"247":0,"248":1,"249":0,"250":0,"251":0,"252":0,"253":1,"254":0,"255":0,"256":0,"257":0,"258":1,"259":0,"260":0,"261":0,"262":0,"263":1,"264":0,"265":0,"266":0,"267":0,"268":1,"269":0,"270":0,"271":0,"272":0,"273":0,"274":0,"275":0,"276":0,"277":0,"278":0,"279":0,"280":1,"281":0,"282":0,"283":0,"284":0,"285":1,"286":0,"287":0,"288":0,"289":0,"290":1,"291":0,"292":0,"293":0,"294":0,"295":1,"296":0,"297":0,"298":0,"299":0,"300":1,"301":0,"302":0,"303":0,"304":0,"305":1,"306":0,"307":0,"308":0,"309":0,"310":1,"311":0,"312":0,"313":0,"314":0,"315":0,"316":0,"317":1,"318":0,"319":0,"320":0,"321":0,"322":0,"323":1,"324":0,"325":0,"326":0,"327":1,"328":0,"329":0,"330":0,"331":0,"332":0,"333":0,"334":0,"335":1,"336":0,"337":0,"338":0,"339":0,"340":0,"341":0,"342":0,"343":0,"344":0,"345":1,"346":0,"347":0,"348":0,"349":0,"350":0,"351":0,"352":0,"353":0,"354":0,"355":0,"356":0,"357":0,"358":0,"359":0,"360":1,"361":0,"362":0,"363":0,"364":0,"365":0,"366":0,"367":0,"368":0,"369":0,"370":0,"371":0,"372":0,"373":0,"374":0,"375":0,"376":0,"377":0,"378":0,"379":0,"380":0,"381":1},"b":{"1":[0,0],"2":[0,0],"3":[0,0],"4":[0,0],"5":[0,0],"6":[0,0],"7":[0,0],"8":[0,0],"9":[0,0],"10":[0,0],"11":[0,0],"12":[0,0],"13":[0,0],"14":[0,0],"15":[0,0],"16":[0,0],"17":[0,0],"18":[0,0],"19":[0,0],"20":[0,0,0,0,0,0,0,0,0,0,0,0],"21":[0,0],"22":[0,0],"23":[0,0],"24":[0,0],"25":[0,0],"26":[0,0,0,0,0,0,0,0,0,0,0,0,0],"27":[0,0],"28":[0,0],"29":[0,0],"30":[0,0],"31":[0,0,0,0,0],"32":[0,0],"33":[0,0],"34":[0,0],"35":[0,0],"36":[0,0],"37":[0,0],"38":[0,0],"39":[0,0],"40":[0,0],"41":[0,0],"42":[0,0],"43":[0,0],"44":[0,0],"45":[0,0],"46":[0,0,0],"47":[0,0],"48":[0,0],"49":[0,0],"50":[0,0],"51":[0,0,0],"52":[0,0],"53":[0,0],"54":[0,0],"55":[0,0],"56":[0,0,0,0],"57":[0,0],"58":[0,0],"59":[0,0,0,0,0],"60":[0,0],"61":[0,0,0,0,0,0],"62":[0,0],"63":[0,0],"64":[0,0],"65":[0,0],"66":[0,0,0,0,0,0,0,0,0],"67":[0,0],"68":[0,0,0],"69":[0,0],"70":[0,0,0,0,0,0],"71":[0,0],"72":[0,0,0,0,0,0,0,0,0,0],"73":[0,0],"74":[0,0,0],"75":[0,0],"76":[0,0],"77":[0,0],"78":[0,0],"79":[0,0],"80":[0,0],"81":[0,0],"82":[0,0,0,0,0],"83":[0,0],"84":[0,0],"85":[0,0],"86":[0,0,0],"87":[0,0],"88":[0,0],"89":[0,0],"90":[0,0,0],"91":[0,0],"92":[0,0],"93":[0,0,0,0,0],"94":[0,0],"95":[0,0],"96":[0,0,0],"97":[0,0],"98":[0,0,0,0,0],"99":[0,0],"100":[0,0],"101":[0,0],"102":[0,0],"103":[0,0],"104":[0,0],"105":[0,0],"106":[0,0,0,0,0],"107":[0,0,0,0,0],"108":[0,0],"109":[0,0],"110":[0,0],"111":[0,0],"112":[0,0],"113":[0,0],"114":[0,0],"115":[0,0],"116":[0,0],"117":[0,0],"118":[0,0],"119":[0,0],"120":[0,0],"121":[0,0],"122":[0,0],"123":[0,0],"124":[0,0],"125":[0,0],"126":[0,0],"127":[0,0],"128":[0,0],"129":[0,0],"130":[0,0]},"f":{"1":0,"2":0,"3":0,"4":0,"5":0,"6":0,"7":0,"8":0,"9":0,"10":0,"11":0,"12":0,"13":0,"14":0,"15":0,"16":0,"17":0,"18":0,"19":0,"20":0,"21":0,"22":0,"23":0,"24":0,"25":0,"26":0,"27":0,"28":0,"29":0,"30":0,"31":0,"32":0,"33":0,"34":0,"35":0,"36":0,"37":0,"38":0,"39":0,"40":0,"41":0,"42":0,"43":0},"fnMap":{"1":{"name":"getSortedChildNodes","line":26,"loc":{"start":{"line":26,"column":0},"end":{"line":26,"column":54}}},"2":{"name":"decorateComment","line":77,"loc":{"start":{"line":77,"column":0},"end":{"line":77,"column":46}}},"3":{"name":"attach","line":129,"loc":{"start":{"line":129,"column":0},"end":{"line":129,"column":46}}},"4":{"name":"(anonymous_4)","line":280,"loc":{"start":{"line":280,"column":19},"end":{"line":280,"column":37}}},"5":{"name":"breakTies","line":290,"loc":{"start":{"line":290,"column":0},"end":{"line":290,"column":38}}},"6":{"name":"(anonymous_6)","line":322,"loc":{"start":{"line":322,"column":22},"end":{"line":322,"column":43}}},"7":{"name":"addCommentHelper","line":333,"loc":{"start":{"line":333,"column":0},"end":{"line":333,"column":41}}},"8":{"name":"addLeadingComment","line":339,"loc":{"start":{"line":339,"column":0},"end":{"line":339,"column":42}}},"9":{"name":"addDanglingComment","line":345,"loc":{"start":{"line":345,"column":0},"end":{"line":345,"column":43}}},"10":{"name":"addTrailingComment","line":351,"loc":{"start":{"line":351,"column":0},"end":{"line":351,"column":43}}},"11":{"name":"addBlockStatementFirstComment","line":357,"loc":{"start":{"line":357,"column":0},"end":{"line":357,"column":54}}},"12":{"name":"addBlockOrNotComment","line":366,"loc":{"start":{"line":366,"column":0},"end":{"line":366,"column":45}}},"13":{"name":"handleIfStatementComments","line":390,"loc":{"start":{"line":390,"column":0},"end":{"line":396,"column":2}}},"14":{"name":"handleTryStatementComments","line":428,"loc":{"start":{"line":428,"column":0},"end":{"line":428,"column":75}}},"15":{"name":"handleMemberExpressionComments","line":453,"loc":{"start":{"line":453,"column":0},"end":{"line":453,"column":79}}},"16":{"name":"handleConditionalExpressionComments","line":467,"loc":{"start":{"line":467,"column":0},"end":{"line":473,"column":2}}},"17":{"name":"handleObjectPropertyAssignment","line":490,"loc":{"start":{"line":490,"column":0},"end":{"line":490,"column":79}}},"18":{"name":"handleTemplateLiteralComments","line":505,"loc":{"start":{"line":505,"column":0},"end":{"line":505,"column":63}}},"19":{"name":"handleCommentInEmptyParens","line":519,"loc":{"start":{"line":519,"column":0},"end":{"line":519,"column":66}}},"20":{"name":"handleLastFunctionArgComments","line":551,"loc":{"start":{"line":551,"column":0},"end":{"line":557,"column":2}}},"21":{"name":"handleClassComments","line":590,"loc":{"start":{"line":590,"column":0},"end":{"line":590,"column":53}}},"22":{"name":"handleImportSpecifierComments","line":602,"loc":{"start":{"line":602,"column":0},"end":{"line":602,"column":63}}},"23":{"name":"handleObjectPropertyComments","line":610,"loc":{"start":{"line":610,"column":0},"end":{"line":610,"column":62}}},"24":{"name":"handleLabeledStatementComments","line":618,"loc":{"start":{"line":618,"column":0},"end":{"line":618,"column":64}}},"25":{"name":"handleCallExpressionComments","line":626,"loc":{"start":{"line":626,"column":0},"end":{"line":626,"column":77}}},"26":{"name":"handleUnionTypeComments","line":640,"loc":{"start":{"line":640,"column":0},"end":{"line":645,"column":2}}},"27":{"name":"handlePropertyComments","line":653,"loc":{"start":{"line":653,"column":0},"end":{"line":653,"column":56}}},"28":{"name":"handleExportNamedDeclarationComments","line":665,"loc":{"start":{"line":665,"column":0},"end":{"line":665,"column":70}}},"29":{"name":"handleOnlyComments","line":673,"loc":{"start":{"line":673,"column":0},"end":{"line":673,"column":72}}},"30":{"name":"handleForComments","line":699,"loc":{"start":{"line":699,"column":0},"end":{"line":699,"column":66}}},"31":{"name":"handleImportDeclarationComments","line":711,"loc":{"start":{"line":711,"column":0},"end":{"line":715,"column":2}}},"32":{"name":"handleAssignmentPatternComments","line":729,"loc":{"start":{"line":729,"column":0},"end":{"line":729,"column":65}}},"33":{"name":"handleClassMethodComments","line":737,"loc":{"start":{"line":737,"column":0},"end":{"line":737,"column":59}}},"34":{"name":"handleTypeAliasComments","line":745,"loc":{"start":{"line":745,"column":0},"end":{"line":745,"column":72}}},"35":{"name":"handleVariableDeclaratorComments","line":753,"loc":{"start":{"line":753,"column":0},"end":{"line":757,"column":2}}},"36":{"name":"printComment","line":771,"loc":{"start":{"line":771,"column":0},"end":{"line":771,"column":35}}},"37":{"name":"findExpressionIndexForComment","line":787,"loc":{"start":{"line":787,"column":0},"end":{"line":787,"column":56}}},"38":{"name":"getQuasiRange","line":801,"loc":{"start":{"line":801,"column":0},"end":{"line":801,"column":29}}},"39":{"name":"printLeadingComment","line":810,"loc":{"start":{"line":810,"column":0},"end":{"line":810,"column":58}}},"40":{"name":"printTrailingComment","line":828,"loc":{"start":{"line":828,"column":0},"end":{"line":828,"column":71}}},"41":{"name":"printDanglingComments","line":866,"loc":{"start":{"line":866,"column":0},"end":{"line":866,"column":58}}},"42":{"name":"printComments","line":892,"loc":{"start":{"line":892,"column":0},"end":{"line":892,"column":56}}},"43":{"name":"(anonymous_43)","line":905,"loc":{"start":{"line":905,"column":12},"end":{"line":905,"column":34}}}},"statementMap":{"1":{"start":{"line":3,"column":0},"end":{"line":3,"column":31}},"2":{"start":{"line":4,"column":0},"end":{"line":4,"column":33}},"3":{"start":{"line":5,"column":0},"end":{"line":5,"column":25}},"4":{"start":{"line":6,"column":0},"end":{"line":6,"column":39}},"5":{"start":{"line":7,"column":0},"end":{"line":7,"column":41}},"6":{"start":{"line":8,"column":0},"end":{"line":8,"column":44}},"7":{"start":{"line":9,"column":0},"end":{"line":9,"column":40}},"8":{"start":{"line":10,"column":0},"end":{"line":10,"column":32}},"9":{"start":{"line":11,"column":0},"end":{"line":11,"column":36}},"10":{"start":{"line":12,"column":0},"end":{"line":12,"column":42}},"11":{"start":{"line":13,"column":0},"end":{"line":13,"column":32}},"12":{"start":{"line":14,"column":0},"end":{"line":14,"column":30}},"13":{"start":{"line":15,"column":0},"end":{"line":15,"column":40}},"14":{"start":{"line":16,"column":0},"end":{"line":16,"column":28}},"15":{"start":{"line":17,"column":0},"end":{"line":17,"column":29}},"16":{"start":{"line":18,"column":0},"end":{"line":18,"column":47}},"17":{"start":{"line":19,"column":0},"end":{"line":19,"column":29}},"18":{"start":{"line":20,"column":0},"end":{"line":20,"column":25}},"19":{"start":{"line":21,"column":0},"end":{"line":22,"column":42}},"20":{"start":{"line":26,"column":0},"end":{"line":72,"column":1}},"21":{"start":{"line":27,"column":2},"end":{"line":29,"column":3}},"22":{"start":{"line":28,"column":4},"end":{"line":28,"column":11}},"23":{"start":{"line":31,"column":2},"end":{"line":49,"column":3}},"24":{"start":{"line":32,"column":4},"end":{"line":46,"column":5}},"25":{"start":{"line":36,"column":6},"end":{"line":43,"column":7}},"26":{"start":{"line":37,"column":8},"end":{"line":42,"column":9}},"27":{"start":{"line":41,"column":10},"end":{"line":41,"column":16}},"28":{"start":{"line":44,"column":6},"end":{"line":44,"column":41}},"29":{"start":{"line":45,"column":6},"end":{"line":45,"column":13}},"30":{"start":{"line":47,"column":9},"end":{"line":49,"column":3}},"31":{"start":{"line":48,"column":4},"end":{"line":48,"column":36}},"32":{"start":{"line":51,"column":2},"end":{"line":51,"column":12}},"33":{"start":{"line":52,"column":2},"end":{"line":58,"column":3}},"34":{"start":{"line":53,"column":4},"end":{"line":53,"column":30}},"35":{"start":{"line":54,"column":9},"end":{"line":58,"column":3}},"36":{"start":{"line":55,"column":4},"end":{"line":55,"column":38}},"37":{"start":{"line":57,"column":4},"end":{"line":57,"column":11}},"38":{"start":{"line":60,"column":2},"end":{"line":65,"column":3}},"39":{"start":{"line":61,"column":4},"end":{"line":64,"column":7}},"40":{"start":{"line":67,"column":2},"end":{"line":69,"column":3}},"41":{"start":{"line":68,"column":4},"end":{"line":68,"column":59}},"42":{"start":{"line":71,"column":2},"end":{"line":71,"column":21}},"43":{"start":{"line":77,"column":0},"end":{"line":127,"column":1}},"44":{"start":{"line":78,"column":2},"end":{"line":78,"column":51}},"45":{"start":{"line":79,"column":2},"end":{"line":79,"column":35}},"46":{"start":{"line":81,"column":2},"end":{"line":81,"column":42}},"47":{"start":{"line":82,"column":2},"end":{"line":118,"column":3}},"48":{"start":{"line":83,"column":4},"end":{"line":83,"column":37}},"49":{"start":{"line":84,"column":4},"end":{"line":84,"column":35}},"50":{"start":{"line":86,"column":4},"end":{"line":95,"column":5}},"51":{"start":{"line":91,"column":6},"end":{"line":91,"column":36}},"52":{"start":{"line":93,"column":6},"end":{"line":93,"column":44}},"53":{"start":{"line":94,"column":6},"end":{"line":94,"column":13}},"54":{"start":{"line":97,"column":4},"end":{"line":105,"column":5}},"55":{"start":{"line":102,"column":6},"end":{"line":102,"column":28}},"56":{"start":{"line":103,"column":6},"end":{"line":103,"column":24}},"57":{"start":{"line":104,"column":6},"end":{"line":104,"column":15}},"58":{"start":{"line":107,"column":4},"end":{"line":115,"column":5}},"59":{"start":{"line":112,"column":6},"end":{"line":112,"column":28}},"60":{"start":{"line":113,"column":6},"end":{"line":113,"column":21}},"61":{"start":{"line":114,"column":6},"end":{"line":114,"column":15}},"62":{"start":{"line":117,"column":4},"end":{"line":117,"column":68}},"63":{"start":{"line":120,"column":2},"end":{"line":122,"column":3}},"64":{"start":{"line":121,"column":4},"end":{"line":121,"column":42}},"65":{"start":{"line":124,"column":2},"end":{"line":126,"column":3}},"66":{"start":{"line":125,"column":4},"end":{"line":125,"column":42}},"67":{"start":{"line":129,"column":0},"end":{"line":288,"column":1}},"68":{"start":{"line":130,"column":2},"end":{"line":132,"column":3}},"69":{"start":{"line":131,"column":4},"end":{"line":131,"column":11}},"70":{"start":{"line":134,"column":2},"end":{"line":134,"column":23}},"71":{"start":{"line":136,"column":2},"end":{"line":276,"column":5}},"72":{"start":{"line":137,"column":4},"end":{"line":137,"column":40}},"73":{"start":{"line":139,"column":4},"end":{"line":139,"column":48}},"74":{"start":{"line":140,"column":4},"end":{"line":140,"column":48}},"75":{"start":{"line":141,"column":4},"end":{"line":141,"column":48}},"76":{"start":{"line":143,"column":4},"end":{"line":143,"
[...]
column":6},"end":{"line":218,"column":37}},"80":{"start":{"line":221,"column":4},"end":{"line":221,"column":14}},"81":{"start":{"line":222,"column":4},"end":{"line":232,"column":5}},"82":{"start":{"line":223,"column":6},"end":{"line":223,"column":48}},"83":{"start":{"line":226,"column":6},"end":{"line":226,"column":33}},"84":{"start":{"line":228,"column":6},"end":{"line":228,"column":67}},"85":{"start":{"line":230,"column":6},"end":{"line":230,"column":27}},"86":{"start":{"line":231,"column":6},"end":{"line":231,"column":13}},"87":{"start":{"line":234,"column":4},"end":{"line":240,"column":5}},"88":{"start":{"line":235,"column":6},"end":{"line":238,"column":7}},"89":{"start":{"line":236,"column":8},"end":{"line":236,"column":30}},"90":{"start":{"line":237,"column":8},"end":{"line":237,"column":29}},"91":{"start":{"line":239,"column":6},"end":{"line":239,"column":13}},"92":{"start":{"line":242,"column":4},"end":{"line":242,"column":29}},"93":{"start":{"line":244,"column":4},"end":{"line":244,"column":15}},"94":{"start":{"line":246,"column":4},"end":{"line":254,"column":5}},"95":{"start":{"line":247,"column":6},"end":{"line":247,"column":29}},"96":{"start":{"line":250,"column":6},"end":{"line":250,"column":33}},"97":{"start":{"line":252,"column":6},"end":{"line":252,"column":31}},"98":{"start":{"line":253,"column":6},"end":{"line":253,"column":13}},"99":{"start":{"line":256,"column":4},"end":{"line":284,"column":5}},"100":{"start":{"line":258,"column":6},"end":{"line":258,"column":44}},"101":{"start":{"line":259,"column":6},"end":{"line":259,"column":49}},"102":{"start":{"line":263,"column":6},"end":{"line":275,"column":7}},"103":{"start":{"line":264,"column":8},"end":{"line":264,"column":73}},"104":{"start":{"line":266,"column":8},"end":{"line":266,"column":61}},"105":{"start":{"line":268,"column":8},"end":{"line":274,"column":9}},"106":{"start":{"line":269,"column":10},"end":{"line":269,"column":53}},"107":{"start":{"line":271,"column":10},"end":{"line":271,"column":74}},"108":{"start":{"line":273,"column":10},"end":{"line":273,"column":31}},"109":{"start":{"line":276,"column":11},"end":{"line":284,"column":5}},"110":{"start":{"line":277,"column":6},"end":{"line":277,"column":33}},"111":{"start":{"line":278,"column":6},"end":{"line":280,"column":7}},"112":{"start":{"line":279,"column":8},"end":{"line":279,"column":28}},"113":{"start":{"line":283,"column":6},"end":{"line":283,"column":35}},"114":{"start":{"line":288,"column":0},"end":{"line":308,"column":1}},"115":{"start":{"line":289,"column":2},"end":{"line":307,"column":5}},"116":{"start":{"line":290,"column":4},"end":{"line":293,"column":5}},"117":{"start":{"line":291,"column":6},"end":{"line":291,"column":24}},"118":{"start":{"line":292,"column":6},"end":{"line":292,"column":13}},"119":{"start":{"line":295,"column":4},"end":{"line":306,"column":7}},"120":{"start":{"line":296,"column":6},"end":{"line":301,"column":7}},"121":{"start":{"line":297,"column":8},"end":{"line":297,"column":80}},"122":{"start":{"line":299,"column":8},"end":{"line":299,"column":29}},"123":{"start":{"line":300,"column":8},"end":{"line":300,"column":15}},"124":{"start":{"line":303,"column":6},"end":{"line":305,"column":9}},"125":{"start":{"line":304,"column":8},"end":{"line":304,"column":27}}},"branchMap":{"1":{"line":39,"type":"if","locations":[{"start":{"line":39,"column":4},"end":{"line":39,"column":4}},{"start":{"line":39,"column":4},"end":{"line":39,"column":4}}]},"2":{"line":46,"type":"if","locations":[{"start":{"line":46,"column":0},"end":{"line":46,"column":0}},{"start":{"line":46,"column":0},"end":{"line":46,"column":0}}]},"3":{"line":53,"type":"binary-expr","locations":[{"start":{"line":53,"column":14},"end":{"line":53,"column":27}},{"start":{"line":53,"column":32},"end":{"line":53,"column":52}},{"start":{"line":53,"column":56},"end":{"line":53,"column":76}}]},"4":{"line":59,"type":"if","locations":[{"start":{"line":59,"column":2},"end":{"line":59,"column":2}},{"start":{"line":59,"column":2},"end":{"line":59,"column":2}}]},"5":{"line":64,"type":"if","locations":[{"start":{"line":64,"column":2},"end":{"line":64,"column":2}},{"start":{"line":64,"column":2},"end":{"line":64,"column":2}}]},"6":{"line":69,"type":"if","locations":[{"start":{"line":69,"column":2},"end":{"line":69,"column":2}},{"start":{"line":69,"column":2},"end":{"line":69,"column":2}}]},"7":{"line":69,"type":"binary-expr","locations":[{"start":{"line":69,"column":6},"end":{"line":69,"column":22}},{"start":{"line":69,"column":26},"end":{"line":69,"column":45}},{"start":{"line":69,"column":49},"end":{"line":69,"column":71}}]},"8":{"line":87,"type":"if","locations":[{"start":{"line":87,"column":2},"end":{"line":87,"column":2}},{"start":{"line":87,"column":2},"end":{"line":87,"column":2}}]},"9":{"line":91,"type":"if","locations":[{"start":{"line":91,"column":2},"end":{"line":91,"column":2}},{"start":{"line":91,"column":2},"end":{"line":91,"column":2}}]},"10":{"line":105,"type":"switch","locations":[{"start":{"line":106,"column":4},"end":{"line":106,"column":19}},{"start":{"line":107,"column":4},"end":{"line":108,"column":20}},{"start":{"line":109,"column":4},"end":{"line":113,"column":8}},{"start":{"line":114,"column":4},"end":{"line":115,"column":19}},{"start":{"line":116,"column":4},"end":{"line":117,"column":19}},{"start":{"line":118,"column":4},"end":{"line":119,"column":61}}]},"11":{"line":136,"type":"if","locations":[{"start":{"line":136,"column":2},"end":{"line":136,"column":2}},{"start":{"line":136,"column":2},"end":{"line":136,"column":2}}]},"12":{"line":141,"type":"if","locations":[{"start":{"line":141,"column":2},"end":{"line":141,"column":2}},{"start":{"line":141,"column":2},"end":{"line":141,"column":2}}]},"13":{"line":144,"type":"if","locations":[{"start":{"line":144,"column":4},"end":{"line":144,"column":4}},{"start":{"line":144,"column":4},"end":{"line":144,"column":4}}]},"14":{"line":157,"type":"binary-expr","locations":[{"start":{"line":157,"column":31},"end":{"line":157,"column":32}},{"start":{"line":157,"column":36},"end":{"line":157,"column":41}}]},"15":{"line":158,"type":"binary-expr","locations":[{"start":{"line":158,"column":52},"end":{"line":158,"column":53}},{"start":{"line":158,"column":57},"end":{"line":158,"column":66}}]},"16":{"line":166,"type":"if","locations":[{"start":{"line":166,"column":2},"end":{"line":166,"column":2}},{"start":{"line":166,"column":2},"end":{"line":166,"column":2}}]},"17":{"line":168,"type":"if","locations":[{"start":{"line":168,"column":9},"end":{"line":168,"column":9}},{"start":{"line":168,"column":9},"end":{"line":168,"column":9}}]},"18":{"line":180,"type":"if","locations":[{"start":{"line":180,"column":0},"end":{"line":180,"column":0}},{"start":{"line":180,"column":0},"end":{"line":180,"column":0}}]},"19":{"line":180,"type":"binary-expr","locations":[{"start":{"line":180,"column":4},"end":{"line":180,"column":16}},{"start":{"line":180,"column":21},"end":{"line":180,"column":41}},{"start":{"line":180,"column":45},"end":{"line":180,"column":51}}]},"20":{"line":201,"type":"cond-expr","locations":[{"start":{"line":201,"column":30},"end":{"line":201,"column":31}},{"start":{"line":201,"column":34},"end":{"line":201,"column":35}}]},"21":{"line":204,"type":"if","locations":[{"start":{"line":204,"column":0},"end":{"line":204,"column":0}},{"start":{"line":204,"column":0},"end":{"line":204,"column":0}}]},"22":{"line":216,"type":"if","locations":[{"start":{"line":216,"column":4},"end":{"line":216,"column":4}},{"start":{"line":216,"column":4},"end":{"line":216,"column":4}}]},"23":{"line":216,"type":"binary-expr","locations":[{"start":{"line":216,"column":8},"end":{"line":216,"column":13}},{"start":{"line":216,"column":17},"end":{"line":216,"column":36}}]},"24":{"line":234,"type":"if","locations":[{"start":{"line":234,"column":4},"end":{"line":234,"column":4}},{"start":{"line":234,"column":4},"end":{"line":234,"column":4}}]},"25":{"line":235,"type":"if","locations":[{"start":{"line":235,"column":6},"end":{"line":235,"column":6}},{"start":{"line":235,"column":6},"end":{"line":235,"column":6}}]},"26":{"line":256,"type":"if","locations":[{"start":{"line":256,"column":4},"end":{"line":256,"column":4}},{"start":{"line":256,"column":4},"end":{"line":256,"column":4}}]},"27":{"line":263,"type":"if","locations":[{"start":{"line":263,"column":6},"end":{"line":263,"column":6}},{"start":{"line":263,"column":6},"end":{"line":263,"column":6}}]},"28":{"line":276,"type":"if","locations":[{"start":{"line":276,"column":11},"end":{"line":276,"column":11}},{"start":{"line":276,"column":11},"end":{"line":276,"column":11}}]},"29":{"line":278,"type":"if","locations":[{"start":{"line":278,"column":6},"end":{"line":278,"column":6}},{"start":{"line":278,"column":6},"end":{"line":278,"column":6}}]},"30":{"line":290,"type":"if","locations":[{"start":{"line":290,"column":4},"end":{"line":290,"column":4}},{"start":{"line":290,"column":4},"end":{"line":290,"column":4}}]},"31":{"line":296,"type":"if","locations":[{"start":{"line":296,"column":6},"end":{"line":296,"column":6}},{"start":{"line":296,"column":6},"end":{"line":296,"column":6}}]}},"code":["//#!/usr/bin/env node","","\"use strict\";","","const fs = require(\"fs\");","const getStdin = require(\"get-stdin\");","const glob = require(\"glob\");","const chalk = require(\"chalk\");","const minimist = require(\"minimist\");","const readline = require(\"readline\");","const prettier = require(\"../index\");","","const argv = minimist(process.argv.slice(2), {","  boolean: [","    \"write\",","    \"stdin\",","    \"use-tabs\",","    \"semi\",","    \"single-quote\",","    \"bracket-spacing\",","    \"jsx-bracket-same-line\",","    // The supports-color package (a sub sub dependency) looks directly at","    // `process.argv` for `--no-color` and such-like options. The reason it is","    // listed here is to avoid \"Ignored unknown option: --no-color\" warnings.","    // See https://github.com/chalk/supports-color/#info for more information.","    \"color\",","    \"list-different\",","    \"help\",","    \"version\",","    \"debug-print-doc\",","    \"debug-check\",","    // Deprecated in 0.0.10","    \"flow-parser\"","  ],","  string: [\"print-width\", \"tab-width\", \"parser\", \"trailing-comma\"],","  default: { semi: true, color: true, \"bracket-spacing\": true, parser: \"babylon\" },","  alias: { help: \"h\", version: \"v\", \"list-different\": \"l\" },","  unknown: param => {","    if (param.startsWith(\"-\")) {","      console.warn(\"Ignored unknown option: \" + param + \"\\n\");","      return false;","    }","  }","});","","if (argv[\"version\"]) {","  console.log(prettier.version);","  process.exit(0);","}","","const filepatterns = argv[\"_\"];","const write = argv[\"write\"];","const stdin = argv[\"stdin\"] || (!filepatterns.length && !process.stdin.isTTY);","","function getParserOption() {","  const optionName = \"parser\";","  const value = argv[optionName];","","  if (value === undefined) {","    return value;","  }","","  // For backward compatibility. Deprecated in 0.0.10","  if (argv[\"flow-parser\"]) {","    console.warn(\"`--flow-parser` is deprecated. Use `--parser flow` instead.\");","    return \"flow\";","  }","","  if (value === \"flow\" || value === \"babylon\" || value === \"typescript\") {","    return value;","  }","","  console.warn(","    \"Ignoring unknown --\" +","      optionName +","      ' value, falling back to \"babylon\":\\n' +","      '  Expected \"flow\" or \"babylon\", but received: ' +","      JSON.stringify(value)","  );","","  return \"babylon\";","}","","function getIntOption(optionName) {","  const value = argv[optionName];","","  if (value === undefined) {","    return value;","  }","","  if (/^\\d+$/.test(value)) {","    return Number(value);","  }","","  console.error(","    \"Invalid --\" +","      optionName +","      \" value. Expected an integer, but received: \" +","      JSON.stringify(value)","  );","  process.exit(1);","}","","function getTrailingComma() {","  switch (argv[\"trailing-comma\"]) {","    case undefined:","    case \"none\":","      return \"none\";","    case \"\":","      console.warn(","        \"Warning: `--trailing-comma` was used without an argument. This is deprecated. \" +","          'Specify \"none\", \"es5\", or \"all\".'","      );","    case \"es5\":","      return \"es5\";","    case \"all\":","      return \"all\";","    default:","      throw new Error(\"Invalid option for --trailing-comma\");","  }","}","","const options = {","  useTabs: argv[\"use-tabs\"],","  semi: argv[\"semi\"],","  printWidth: getIntOption(\"print-width\"),","  tabWidth: getIntOption(\"tab-width\"),","  bracketSpacing: argv[\"bracket-spacing\"],","  singleQuote: argv[\"single-quote\"],","  jsxBracketSameLine: argv[\"jsx-bracket-same-line\"],","  trailingComma: getTrailingComma(),","  parser: getParserOption()","};","","function format(input) {","  if (argv[\"debug-print-doc\"]) {","    const doc = prettier.__debug.printToDoc(input, options);","    return prettier.__debug.formatDoc(doc);","  }","","  if (argv[\"debug-check\"]) {","    const pp = prettier.format(input, options);","    const pppp = prettier.format(pp, options);","    if (pp !== pppp) {","      const diff = require(","        \"diff\"","      ).createTwoFilesPatch(\"\", \"\", pp, pppp, \"\", \"\", { context: 2 });","      console.error(diff);","    }","    return;","  }","","  return prettier.format(input, options);","}","","function handleError(filename, e) {","  const isParseError = Boolean(e && e.loc);","  const isValidationError = /Validation Error/.test(e && e.message);","","  // For parse errors and validation errors, we only want to show the error","  // message formatted in a nice way. `String(e)` takes care of that. Other","  // (unexpected) errors are passed as-is as a separate argument to","  // `console.error`. That includes the stack trace (if any), and shows a nice","  // `util.inspect` of throws things that aren't `Error` objects. (The Flow","  // parser has mistakenly thrown arrays sometimes.)","  if (isParseError) {","    console.error(filename + \": \" + String(e));","  } else if (isValidationError) {","    console.error(String(e));","    // If validation fails for one file, it will fail for all of them.","    process.exit(1);","  } else {","    console.error(filename + \":\", e);","  }","","  // Don't exit the process if one file failed","  process.exitCode = 2;","}","","if (argv[\"help\"] || (!filepatterns.length && !stdin)) {","  console.log(","    \"Usage: prettier [opts] [filename ...]\\n\\n\" +","      \"Available options:\\n\" +","      \"  --write                  Edit the file in-place. (Beware!)\\n\" +","      \"  --list-different or -l   Print filenames of files that are different from Prettier formatting.\\n\" +","      \"  --stdin                  Read input from stdin.\\n\" +","      \"  --print-width <int>      Specify the length of line that the printer will wrap on. Defaults to 80.\\n\" +","      \"  --tab-width <int>        Specify the number of spaces per indentation-level. Defaults to 2.\\n\" +","      \"  --use-tabs               Indent lines with tabs instead of spaces.\\n\" +","      \"  --no-semi                Do not print semicolons, except at the beginning of lines which may need them.\\n\" +","      \"  --single-quote           Use single quotes instead of double quotes.\\n\" +","      \"  --no-bracket-spacing     Do not print spaces between brackets.\\n\" +","      \"  --jsx-bracket-same-line  Put > on the last line instead of at a new line.\\n\" +","      \"  --trailing-comma <none|es5|all>\\n\" +","      \"                           Print trailing commas wherever possible. Defaults to none.\\n\" +","      \"  --parser <flow|babylon>  Specify which parse to use. Defaults to babylon.\\n\" +","      \"  --no-color               Do not colorize error messages.\\n\" +","      \"  --version or -v          Print Prettier version.\\n\" +","      \"\\n\"","  );","  process.exit(argv[\"help\"] ? 0 : 1);","}","","if (stdin) {","  getStdin().then(input => {","    try {","      // Don't use `console.log` here since it adds an extra newline at the end.","      process.stdout.write(format(input));","    } catch (e) {","      handleError(\"stdin\", e);","      return;","    }","  });","} else {","  eachFilename(filepatterns, filename => {","    if (write || argv[\"debug-check\"]) {","      // Don't use `console.log` here since we need to replace this line.","      process.stdout.write(filename);","    }","","    let input;","    try {","      input = fs.readFileSync(filename, \"utf8\");","    } catch (e) {","      // Add newline to split errors from filename line.","      process.stdout.write(\"\\n\");","","      console.error(\"Unable to read file: \" + filename + \"\\n\" + e);","      // Don't exit the process if one file failed","      process.exitCode = 2;","      return;","    }","","    if (argv[\"list-different\"]) {","      if (!prettier.check(input, options)) {","        console.log(filename);","        process.exitCode = 1;","      }","      return;","    }","","    const start = Date.now();","","    let output;","","    try {","      output = format(input);","    } catch (e) {","      // Add newline to split errors from filename line.","      process.stdout.write(\"\\n\");","","      handleError(filename, e);","      return;","    }","","    if (write) {","      // Remove previously printed filename to log it with duration.","      readline.clearLine(process.stdout, 0);","      readline.cursorTo(process.stdout, 0, null);","","      // Don't write the file if it won't change in order not to invalidate","      // mtime based caches.","      if (output === input) {","        console.log(chalk.grey(\"%s %dms\"), filename, Date.now() - start);","      } else {","        console.log(\"%s %dms\", filename, Date.now() - start);","","        try {","          fs.writeFileSync(filename, output, \"utf8\");","        } catch (err) {","          console.error(\"Unable to write file: \" + filename + \"\\n\" + err);","          // Don't exit the process if one file failed","          process.exitCode = 2;","        }","      }","    } else if (argv[\"debug-check\"]) {","      process.stdout.write(\"\\n\");","      if (output) {","        console.log(output);","      }","    } else {","      // Don't use `console.log` here since it adds an extra newline at the end.","      process.stdout.write(output);","    }","  });","}","","function eachFilename(patterns, callback) {","  patterns.forEach(pattern => {","    if (!glob.hasMagic(pattern)) {","      callback(pattern);","      return;","    }","","    glob(pattern, (err, filenames) => {","      if (err) {","        console.error(\"Unable to expand glob pattern: \" + pattern + \"\\n\" + err);","        // Don't exit the process if one pattern failed","        process.exitCode = 2;","        return;","      }","","      filenames.forEach(filename => {","        callback(filename);","      });","    });","  });","}",""],"l":{"5":1,"6":1,"7":1,"8":1,"9":1,"10":1,"11":1,"13":1,"39":0,"40":0,"41":0,"46":1,"47":0,"48":0,"51":1,"52":1,"53":1,"55":1,"56":1,"57":1,"59":1,"60":0,"64":1,"65":0,"66":0,"69":1,"70":1,"73":0,"81":0,"84":1,"85":2,"87":2,"88":2,"91":0,"92":0,"95":0,"101":0,"104":1,"105":1,"108":1,"110":0,"115":0,"117":0,"119":0,"123":1,"135":1,"136":0,"137":0,"138":0,"141":0,"142":0,"143":0,"144":0,"145":0,"148":0,"150":0,"153":0,"156":1,"157":0,"158":0,"166":0,"167":0,"168":0,"169":0,"171":0,"173":0,"177":0,"180":1,"181":1,"201":1,"204":1,"205":0,"206":0,"208":0,"210":0,"211":0,"215":1,"216":0,"218":0,"221":0,"222":0,"223":0,"226":0,"228":0,"230":0,"231":0,"234":0,"235":0,"236":0,"237":0,"239":0,"242":0,"244":0,"246":0,"247":0,"250":0,"252":0,"253":0,"256":0,"258":0,"259":0,"263":0,"264":0,"266":0,"268":0,"269":0,"271":0,"273":0,"276":0,"277":0,"278":0,"279":0,"283":0,"288":1,"289":1,"290":0,"291":0,"292":0,"295":0,"296":0,"297":0,"299":0,"300":0,"303":0,"304":0}}}